This file contains any messages produced by compilers while
running configure, to aid debugging if configure makes a mistake.

It was created by FreeType configure 2.9.1, which was
generated by GNU Autoconf 2.69.  Invocation command line was

  $ /home/luis/redox/redox/cookbook/recipes/freetype/source/builds/unix/configure --host=x86_64-unknown-redox --prefix= --disable-shared --enable-static

## --------- ##
## Platform. ##
## --------- ##

hostname = luis-ThinkPad-T460
uname -m = x86_64
uname -r = 5.15.0-37-generic
uname -s = Linux
uname -v = #39-Ubuntu SMP Wed Jun 1 19:16:45 UTC 2022

/usr/bin/uname -p = x86_64
/bin/uname -X     = unknown

/bin/arch              = x86_64
/usr/bin/arch -k       = unknown
/usr/convex/getsysinfo = unknown
/usr/bin/hostinfo      = unknown
/bin/machine           = unknown
/usr/bin/oslevel       = unknown
/bin/universe          = unknown

PATH: /home/luis/redox/redox/cookbook/bin
PATH: /home/luis/redox/redox/prefix/x86_64-unknown-redox/relibc-install/bin
PATH: /home/luis/redox/redox/cookbook/bin
PATH: /home/luis/redox/redox/cookbook/bin
PATH: /home/luis/redox/redox/cookbook/bin
PATH: /home/luis/redox/redox/prefix/x86_64-unknown-redox/relibc-install/bin
PATH: /home/luis/.cargo/bin
PATH: /home/luis/.cargo/bin
PATH: /usr/local/sbin
PATH: /usr/local/bin
PATH: /usr/sbin
PATH: /usr/bin
PATH: /sbin
PATH: /bin
PATH: /usr/games
PATH: /usr/local/games
PATH: /snap/bin


## ----------- ##
## Core tests. ##
## ----------- ##

configure:2545: checking build system type
configure:2559: result: x86_64-pc-linux-gnu
configure:2579: checking host system type
configure:2592: result: x86_64-unknown-redox
configure:2624: checking for x86_64-unknown-redox-gcc
configure:2651: result: x86_64-unknown-redox-gcc
configure:2920: checking for C compiler version
configure:2929: x86_64-unknown-redox-gcc --version >&5
x86_64-unknown-redox-gcc (GCC) 8.2.0
Copyright (C) 2018 Free Software Foundation, Inc.
This is free software; see the source for copying conditions.  There is NO
warranty; not even for MERCHANTABILITY or FITNESS FOR A PARTICULAR PURPOSE.

configure:2940: $? = 0
configure:2929: x86_64-unknown-redox-gcc -v >&5
Using built-in specs.
COLLECT_GCC=x86_64-unknown-redox-gcc
COLLECT_LTO_WRAPPER=/home/luis/redox/redox/prefix/x86_64-unknown-redox/relibc-install/bin/../libexec/gcc/x86_64-unknown-redox/8.2.0/lto-wrapper
Target: x86_64-unknown-redox
Configured with: /home/redox/redox/prefix/x86_64-unknown-redox/gcc/configure --target=x86_64-unknown-redox --program-prefix=x86_64-unknown-redox- --prefix= --with-sysroot --with-build-sysroot=/home/redox/redox/prefix/x86_64-unknown-redox/relibc-freestanding-install/x86_64-unknown-redox --with-native-system-header-dir=/include --disable-multilib --disable-nls --disable-werror --enable-languages=c,c++ --enable-shared --enable-threads=posix
Thread model: posix
gcc version 8.2.0 (GCC) 
configure:2940: $? = 0
configure:2929: x86_64-unknown-redox-gcc -V >&5
x86_64-unknown-redox-gcc: error: unrecognized command line option '-V'
x86_64-unknown-redox-gcc: fatal error: no input files
compilation terminated.
configure:2940: $? = 1
configure:2929: x86_64-unknown-redox-gcc -qversion >&5
x86_64-unknown-redox-gcc: error: unrecognized command line option '-qversion'; did you mean '--version'?
x86_64-unknown-redox-gcc: fatal error: no input files
compilation terminated.
configure:2940: $? = 1
configure:2960: checking whether the C compiler works
configure:2982: x86_64-unknown-redox-gcc -I/home/luis/redox/redox/cookbook/recipes/freetype/sysroot/include -I/home/luis/redox/redox/cookbook/recipes/freetype/sysroot/include -L/home/luis/redox/redox/cookbook/recipes/freetype/sysroot/lib --static conftest.c  >&5
configure:2986: $? = 0
configure:3034: result: yes
configure:3037: checking for C compiler default output file name
configure:3039: result: a.out
configure:3045: checking for suffix of executables
configure:3052: x86_64-unknown-redox-gcc -o conftest -I/home/luis/redox/redox/cookbook/recipes/freetype/sysroot/include -I/home/luis/redox/redox/cookbook/recipes/freetype/sysroot/include -L/home/luis/redox/redox/cookbook/recipes/freetype/sysroot/lib --static conftest.c  >&5
configure:3056: $? = 0
configure:3078: result: 
configure:3100: checking whether we are cross compiling
configure:3108: x86_64-unknown-redox-gcc -o conftest -I/home/luis/redox/redox/cookbook/recipes/freetype/sysroot/include -I/home/luis/redox/redox/cookbook/recipes/freetype/sysroot/include -L/home/luis/redox/redox/cookbook/recipes/freetype/sysroot/lib --static conftest.c  >&5
configure:3112: $? = 0
configure:3119: ./conftest
/home/luis/redox/redox/cookbook/recipes/freetype/source/builds/unix/configure: line 3121: 419195 Segmentation fault      (core dumped) ./conftest$ac_cv_exeext
configure:3123: $? = 139
configure:3138: result: yes
configure:3143: checking for suffix of object files
configure:3165: x86_64-unknown-redox-gcc -c -I/home/luis/redox/redox/cookbook/recipes/freetype/sysroot/include -I/home/luis/redox/redox/cookbook/recipes/freetype/sysroot/include conftest.c >&5
configure:3169: $? = 0
configure:3190: result: o
configure:3194: checking whether we are using the GNU C compiler
configure:3213: x86_64-unknown-redox-gcc -c -I/home/luis/redox/redox/cookbook/recipes/freetype/sysroot/include -I/home/luis/redox/redox/cookbook/recipes/freetype/sysroot/include conftest.c >&5
configure:3213: $? = 0
configure:3222: result: yes
configure:3231: checking whether x86_64-unknown-redox-gcc accepts -g
configure:3251: x86_64-unknown-redox-gcc -c -g -I/home/luis/redox/redox/cookbook/recipes/freetype/sysroot/include conftest.c >&5
configure:3251: $? = 0
configure:3292: result: yes
configure:3309: checking for x86_64-unknown-redox-gcc option to accept ISO C89
configure:3372: x86_64-unknown-redox-gcc  -c -I/home/luis/redox/redox/cookbook/recipes/freetype/sysroot/include -I/home/luis/redox/redox/cookbook/recipes/freetype/sysroot/include conftest.c >&5
configure:3372: $? = 0
configure:3385: result: none needed
configure:3410: checking how to run the C preprocessor
configure:3441: x86_64-unknown-redox-gcc -E -I/home/luis/redox/redox/cookbook/recipes/freetype/sysroot/include conftest.c
configure:3441: $? = 0
configure:3455: x86_64-unknown-redox-gcc -E -I/home/luis/redox/redox/cookbook/recipes/freetype/sysroot/include conftest.c
conftest.c:9:10: fatal error: ac_nonexistent.h: No such file or directory
 #include <ac_nonexistent.h>
          ^~~~~~~~~~~~~~~~~~
compilation terminated.
configure:3455: $? = 1
configure: failed program was:
| /* confdefs.h */
| #define PACKAGE_NAME "FreeType"
| #define PACKAGE_TARNAME "freetype"
| #define PACKAGE_VERSION "2.9.1"
| #define PACKAGE_STRING "FreeType 2.9.1"
| #define PACKAGE_BUGREPORT "freetype@nongnu.org"
| #define PACKAGE_URL ""
| /* end confdefs.h.  */
| #include <ac_nonexistent.h>
configure:3480: result: x86_64-unknown-redox-gcc -E
configure:3500: x86_64-unknown-redox-gcc -E -I/home/luis/redox/redox/cookbook/recipes/freetype/sysroot/include conftest.c
configure:3500: $? = 0
configure:3514: x86_64-unknown-redox-gcc -E -I/home/luis/redox/redox/cookbook/recipes/freetype/sysroot/include conftest.c
conftest.c:9:10: fatal error: ac_nonexistent.h: No such file or directory
 #include <ac_nonexistent.h>
          ^~~~~~~~~~~~~~~~~~
compilation terminated.
configure:3514: $? = 1
configure: failed program was:
| /* confdefs.h */
| #define PACKAGE_NAME "FreeType"
| #define PACKAGE_TARNAME "freetype"
| #define PACKAGE_VERSION "2.9.1"
| #define PACKAGE_STRING "FreeType 2.9.1"
| #define PACKAGE_BUGREPORT "freetype@nongnu.org"
| #define PACKAGE_URL ""
| /* end confdefs.h.  */
| #include <ac_nonexistent.h>
configure:3653: checking pkg-config is at least version 0.24
configure:3656: result: yes
configure:3711: checking how to print strings
configure:3738: result: printf
configure:3759: checking for a sed that does not truncate output
configure:3823: result: /usr/bin/sed
configure:3841: checking for grep that handles long lines and -e
configure:3899: result: /usr/bin/grep
configure:3904: checking for egrep
configure:3966: result: /usr/bin/grep -E
configure:3971: checking for fgrep
configure:4033: result: /usr/bin/grep -F
configure:4068: checking for ld used by x86_64-unknown-redox-gcc
configure:4135: result: x86_64-unknown-redox-ld
configure:4142: checking if the linker (x86_64-unknown-redox-ld) is GNU ld
configure:4157: result: yes
configure:4169: checking for BSD- or MS-compatible name lister (nm)
configure:4223: result: x86_64-unknown-redox-gcc-nm
configure:4353: checking the name lister (x86_64-unknown-redox-gcc-nm) interface
configure:4360: x86_64-unknown-redox-gcc -c -I/home/luis/redox/redox/cookbook/recipes/freetype/sysroot/include -I/home/luis/redox/redox/cookbook/recipes/freetype/sysroot/include conftest.c >&5
configure:4363: x86_64-unknown-redox-gcc-nm "conftest.o"
configure:4366: output
0000000000000000 B some_variable
configure:4373: result: BSD nm
configure:4376: checking whether ln -s works
configure:4380: result: yes
configure:4388: checking the maximum length of command line arguments
configure:4519: result: 1572864
configure:4567: checking how to convert x86_64-pc-linux-gnu file names to x86_64-unknown-redox format
configure:4607: result: func_convert_file_noop
configure:4614: checking how to convert x86_64-pc-linux-gnu file names to toolchain format
configure:4634: result: func_convert_file_noop
configure:4641: checking for x86_64-unknown-redox-ld option to reload object files
configure:4648: result: -r
configure:4682: checking for x86_64-unknown-redox-objdump
configure:4709: result: x86_64-unknown-redox-objdump
configure:4778: checking how to recognize dependent libraries
configure:4978: result: unknown
configure:5023: checking for x86_64-unknown-redox-dlltool
configure:5053: result: no
configure:5063: checking for dlltool
configure:5093: result: no
configure:5120: checking how to associate runtime and link libraries
configure:5147: result: printf %s\n
configure:5164: checking for x86_64-unknown-redox-ar
configure:5191: result: x86_64-unknown-redox-gcc-ar
configure:5272: checking for archiver @FILE support
configure:5289: x86_64-unknown-redox-gcc -c -I/home/luis/redox/redox/cookbook/recipes/freetype/sysroot/include -I/home/luis/redox/redox/cookbook/recipes/freetype/sysroot/include conftest.c >&5
configure:5289: $? = 0
configure:5292: x86_64-unknown-redox-gcc-ar cru libconftest.a @conftest.lst >&5
configure:5295: $? = 0
configure:5300: x86_64-unknown-redox-gcc-ar cru libconftest.a @conftest.lst >&5
/home/luis/redox/redox/prefix/x86_64-unknown-redox/relibc-install/bin/../lib/gcc/x86_64-unknown-redox/8.2.0/../../../../x86_64-unknown-redox/bin/ar: conftest.o: No such file or directory
configure:5303: $? = 1
configure:5315: result: @
configure:5333: checking for x86_64-unknown-redox-strip
configure:5360: result: x86_64-unknown-redox-strip
configure:5432: checking for x86_64-unknown-redox-ranlib
configure:5459: result: x86_64-unknown-redox-gcc-ranlib
configure:5576: checking for gawk
configure:5606: result: no
configure:5576: checking for mawk
configure:5592: found /usr/bin/mawk
configure:5603: result: mawk
configure:5643: checking command to parse x86_64-unknown-redox-gcc-nm output from x86_64-unknown-redox-gcc object
configure:5796: x86_64-unknown-redox-gcc -c -I/home/luis/redox/redox/cookbook/recipes/freetype/sysroot/include -I/home/luis/redox/redox/cookbook/recipes/freetype/sysroot/include conftest.c >&5
configure:5799: $? = 0
configure:5803: x86_64-unknown-redox-gcc-nm conftest.o \| sed -n -e 's/^.*[ ]\([ABCDGIRSTW][ABCDGIRSTW]*\)[ ][ ]*\([_A-Za-z][_A-Za-z0-9]*\)$/\1 \2 \2/p' | sed '/ __gnu_lto/d' \> conftest.nm
configure:5806: $? = 0
configure:5872: x86_64-unknown-redox-gcc -o conftest -I/home/luis/redox/redox/cookbook/recipes/freetype/sysroot/include -I/home/luis/redox/redox/cookbook/recipes/freetype/sysroot/include -L/home/luis/redox/redox/cookbook/recipes/freetype/sysroot/lib --static conftest.c conftstm.o >&5
configure:5875: $? = 0
configure:5913: result: ok
configure:5960: checking for sysroot
configure:5990: result: no
configure:5997: checking for a working dd
configure:6035: result: /usr/bin/dd
configure:6039: checking how to truncate binary pipes
configure:6054: result: /usr/bin/dd bs=4096 count=1
configure:6343: checking for x86_64-unknown-redox-mt
configure:6373: result: no
configure:6383: checking for mt
configure:6399: found /usr/bin/mt
configure:6410: result: mt
configure:6422: WARNING: using cross tools not prefixed with host triplet
configure:6433: checking if mt is a manifest tool
configure:6439: mt '-?'
configure:6447: result: no
configure:7120: checking for ANSI C header files
configure:7140: x86_64-unknown-redox-gcc -c -I/home/luis/redox/redox/cookbook/recipes/freetype/sysroot/include -I/home/luis/redox/redox/cookbook/recipes/freetype/sysroot/include conftest.c >&5
configure:7140: $? = 0
configure:7224: result: yes
configure:7237: checking for sys/types.h
configure:7237: x86_64-unknown-redox-gcc -c -I/home/luis/redox/redox/cookbook/recipes/freetype/sysroot/include -I/home/luis/redox/redox/cookbook/recipes/freetype/sysroot/include conftest.c >&5
configure:7237: $? = 0
configure:7237: result: yes
configure:7237: checking for sys/stat.h
configure:7237: x86_64-unknown-redox-gcc -c -I/home/luis/redox/redox/cookbook/recipes/freetype/sysroot/include -I/home/luis/redox/redox/cookbook/recipes/freetype/sysroot/include conftest.c >&5
configure:7237: $? = 0
configure:7237: result: yes
configure:7237: checking for stdlib.h
configure:7237: x86_64-unknown-redox-gcc -c -I/home/luis/redox/redox/cookbook/recipes/freetype/sysroot/include -I/home/luis/redox/redox/cookbook/recipes/freetype/sysroot/include conftest.c >&5
configure:7237: $? = 0
configure:7237: result: yes
configure:7237: checking for string.h
configure:7237: x86_64-unknown-redox-gcc -c -I/home/luis/redox/redox/cookbook/recipes/freetype/sysroot/include -I/home/luis/redox/redox/cookbook/recipes/freetype/sysroot/include conftest.c >&5
configure:7237: $? = 0
configure:7237: result: yes
configure:7237: checking for memory.h
configure:7237: x86_64-unknown-redox-gcc -c -I/home/luis/redox/redox/cookbook/recipes/freetype/sysroot/include -I/home/luis/redox/redox/cookbook/recipes/freetype/sysroot/include conftest.c >&5
configure:7237: $? = 0
configure:7237: result: yes
configure:7237: checking for strings.h
configure:7237: x86_64-unknown-redox-gcc -c -I/home/luis/redox/redox/cookbook/recipes/freetype/sysroot/include -I/home/luis/redox/redox/cookbook/recipes/freetype/sysroot/include conftest.c >&5
configure:7237: $? = 0
configure:7237: result: yes
configure:7237: checking for inttypes.h
configure:7237: x86_64-unknown-redox-gcc -c -I/home/luis/redox/redox/cookbook/recipes/freetype/sysroot/include -I/home/luis/redox/redox/cookbook/recipes/freetype/sysroot/include conftest.c >&5
configure:7237: $? = 0
configure:7237: result: yes
configure:7237: checking for stdint.h
configure:7237: x86_64-unknown-redox-gcc -c -I/home/luis/redox/redox/cookbook/recipes/freetype/sysroot/include -I/home/luis/redox/redox/cookbook/recipes/freetype/sysroot/include conftest.c >&5
configure:7237: $? = 0
configure:7237: result: yes
configure:7237: checking for unistd.h
configure:7237: x86_64-unknown-redox-gcc -c -I/home/luis/redox/redox/cookbook/recipes/freetype/sysroot/include -I/home/luis/redox/redox/cookbook/recipes/freetype/sysroot/include conftest.c >&5
configure:7237: $? = 0
configure:7237: result: yes
configure:7251: checking for dlfcn.h
configure:7251: x86_64-unknown-redox-gcc -c -I/home/luis/redox/redox/cookbook/recipes/freetype/sysroot/include -I/home/luis/redox/redox/cookbook/recipes/freetype/sysroot/include conftest.c >&5
configure:7251: $? = 0
configure:7251: result: yes
configure:7805: checking for objdir
configure:7820: result: .libs
configure:8080: checking if x86_64-unknown-redox-gcc supports -fno-rtti -fno-exceptions
configure:8098: x86_64-unknown-redox-gcc -c -I/home/luis/redox/redox/cookbook/recipes/freetype/sysroot/include -I/home/luis/redox/redox/cookbook/recipes/freetype/sysroot/include -fno-rtti -fno-exceptions conftest.c >&5
cc1: warning: command line option '-fno-rtti' is valid for C++/ObjC++ but not for C
configure:8102: $? = 0
configure:8115: result: no
configure:8473: checking for x86_64-unknown-redox-gcc option to produce PIC
configure:8480: result: -fPIC -DPIC
configure:8488: checking if x86_64-unknown-redox-gcc PIC flag -fPIC -DPIC works
configure:8506: x86_64-unknown-redox-gcc -c -I/home/luis/redox/redox/cookbook/recipes/freetype/sysroot/include -I/home/luis/redox/redox/cookbook/recipes/freetype/sysroot/include -fPIC -DPIC -DPIC conftest.c >&5
configure:8510: $? = 0
configure:8523: result: yes
configure:8552: checking if x86_64-unknown-redox-gcc static flag -static works
configure:8580: result: yes
configure:8595: checking if x86_64-unknown-redox-gcc supports -c -o file.o
configure:8616: x86_64-unknown-redox-gcc -c -I/home/luis/redox/redox/cookbook/recipes/freetype/sysroot/include -I/home/luis/redox/redox/cookbook/recipes/freetype/sysroot/include -o out/conftest2.o conftest.c >&5
configure:8620: $? = 0
configure:8642: result: yes
configure:8650: checking if x86_64-unknown-redox-gcc supports -c -o file.o
configure:8697: result: yes
configure:8730: checking whether the x86_64-unknown-redox-gcc linker (x86_64-unknown-redox-ld) supports shared libraries
configure:9989: result: yes
configure:10229: checking dynamic linker characteristics
configure:11047: result: no
configure:11169: checking how to hardcode library paths into programs
configure:11194: result: immediate
configure:11742: checking whether stripping libraries is possible
configure:11747: result: yes
configure:11782: checking if libtool supports shared libraries
configure:11784: result: no
configure:11787: checking whether to build shared libraries
configure:11812: result: no
configure:11815: checking whether to build static libraries
configure:11819: result: yes
configure:11859: checking for x86_64-unknown-redox-windres
configure:11889: result: no
configure:11899: checking for windres
configure:11929: result: no
configure:12032: checking for x86_64-pc-linux-gnu-gcc
configure:12062: result: no
configure:12069: checking for gcc
configure:12085: found /usr/bin/gcc
configure:12096: result: gcc
configure:12106: checking for gcc
configure:12150: result: gcc
configure:12160: checking for suffix of native executables
configure:12174: result: 
configure:12204: checking for a BSD-compatible install
configure:12272: result: /usr/bin/install -c
configure:12291: checking for a thread-safe mkdir -p
configure:12330: result: /usr/bin/mkdir -p
configure:12344: checking for ANSI C header files
configure:12448: result: yes
configure:12459: checking fcntl.h usability
configure:12459: x86_64-unknown-redox-gcc -c -I/home/luis/redox/redox/cookbook/recipes/freetype/sysroot/include -I/home/luis/redox/redox/cookbook/recipes/freetype/sysroot/include conftest.c >&5
configure:12459: $? = 0
configure:12459: result: yes
configure:12459: checking fcntl.h presence
configure:12459: x86_64-unknown-redox-gcc -E -I/home/luis/redox/redox/cookbook/recipes/freetype/sysroot/include conftest.c
configure:12459: $? = 0
configure:12459: result: yes
configure:12459: checking for fcntl.h
configure:12459: result: yes
configure:12459: checking for unistd.h
configure:12459: result: yes
configure:12473: checking for an ANSI C-conforming const
configure:12539: x86_64-unknown-redox-gcc -c -I/home/luis/redox/redox/cookbook/recipes/freetype/sysroot/include -I/home/luis/redox/redox/cookbook/recipes/freetype/sysroot/include conftest.c >&5
configure:12539: $? = 0
configure:12546: result: yes
configure:12558: checking size of int
configure:12563: x86_64-unknown-redox-gcc -c -I/home/luis/redox/redox/cookbook/recipes/freetype/sysroot/include -I/home/luis/redox/redox/cookbook/recipes/freetype/sysroot/include conftest.c >&5
configure:12563: $? = 0
configure:12563: x86_64-unknown-redox-gcc -c -I/home/luis/redox/redox/cookbook/recipes/freetype/sysroot/include -I/home/luis/redox/redox/cookbook/recipes/freetype/sysroot/include conftest.c >&5
conftest.c: In function 'main':
conftest.c:60:12: error: size of array 'test_array' is negative
 static int test_array [1 - 2 * !(((long int) (sizeof (int))) <= 0)];
            ^~~~~~~~~~
configure:12563: $? = 1
configure: failed program was:
| /* confdefs.h */
| #define PACKAGE_NAME "FreeType"
| #define PACKAGE_TARNAME "freetype"
| #define PACKAGE_VERSION "2.9.1"
| #define PACKAGE_STRING "FreeType 2.9.1"
| #define PACKAGE_BUGREPORT "freetype@nongnu.org"
| #define PACKAGE_URL ""
| #define STDC_HEADERS 1
| #define HAVE_SYS_TYPES_H 1
| #define HAVE_SYS_STAT_H 1
| #define HAVE_STDLIB_H 1
| #define HAVE_STRING_H 1
| #define HAVE_MEMORY_H 1
| #define HAVE_STRINGS_H 1
| #define HAVE_INTTYPES_H 1
| #define HAVE_STDINT_H 1
| #define HAVE_UNISTD_H 1
| #define HAVE_DLFCN_H 1
| #define LT_OBJDIR ".libs/"
| #define STDC_HEADERS 1
| #define HAVE_FCNTL_H 1
| #define HAVE_UNISTD_H 1
| /* end confdefs.h.  */
| #include <stdio.h>
| #ifdef HAVE_SYS_TYPES_H
| # include <sys/types.h>
| #endif
| #ifdef HAVE_SYS_STAT_H
| # include <sys/stat.h>
| #endif
| #ifdef STDC_HEADERS
| # include <stdlib.h>
| # include <stddef.h>
| #else
| # ifdef HAVE_STDLIB_H
| #  include <stdlib.h>
| # endif
| #endif
| #ifdef HAVE_STRING_H
| # if !defined STDC_HEADERS && defined HAVE_MEMORY_H
| #  include <memory.h>
| # endif
| # include <string.h>
| #endif
| #ifdef HAVE_STRINGS_H
| # include <strings.h>
| #endif
| #ifdef HAVE_INTTYPES_H
| # include <inttypes.h>
| #endif
| #ifdef HAVE_STDINT_H
| # include <stdint.h>
| #endif
| #ifdef HAVE_UNISTD_H
| # include <unistd.h>
| #endif
| int
| main ()
| {
| static int test_array [1 - 2 * !(((long int) (sizeof (int))) <= 0)];
| test_array [0] = 0;
| return test_array [0];
| 
|   ;
|   return 0;
| }
configure:12563: x86_64-unknown-redox-gcc -c -I/home/luis/redox/redox/cookbook/recipes/freetype/sysroot/include -I/home/luis/redox/redox/cookbook/recipes/freetype/sysroot/include conftest.c >&5
conftest.c: In function 'main':
conftest.c:60:12: error: size of array 'test_array' is negative
 static int test_array [1 - 2 * !(((long int) (sizeof (int))) <= 1)];
            ^~~~~~~~~~
configure:12563: $? = 1
configure: failed program was:
| /* confdefs.h */
| #define PACKAGE_NAME "FreeType"
| #define PACKAGE_TARNAME "freetype"
| #define PACKAGE_VERSION "2.9.1"
| #define PACKAGE_STRING "FreeType 2.9.1"
| #define PACKAGE_BUGREPORT "freetype@nongnu.org"
| #define PACKAGE_URL ""
| #define STDC_HEADERS 1
| #define HAVE_SYS_TYPES_H 1
| #define HAVE_SYS_STAT_H 1
| #define HAVE_STDLIB_H 1
| #define HAVE_STRING_H 1
| #define HAVE_MEMORY_H 1
| #define HAVE_STRINGS_H 1
| #define HAVE_INTTYPES_H 1
| #define HAVE_STDINT_H 1
| #define HAVE_UNISTD_H 1
| #define HAVE_DLFCN_H 1
| #define LT_OBJDIR ".libs/"
| #define STDC_HEADERS 1
| #define HAVE_FCNTL_H 1
| #define HAVE_UNISTD_H 1
| /* end confdefs.h.  */
| #include <stdio.h>
| #ifdef HAVE_SYS_TYPES_H
| # include <sys/types.h>
| #endif
| #ifdef HAVE_SYS_STAT_H
| # include <sys/stat.h>
| #endif
| #ifdef STDC_HEADERS
| # include <stdlib.h>
| # include <stddef.h>
| #else
| # ifdef HAVE_STDLIB_H
| #  include <stdlib.h>
| # endif
| #endif
| #ifdef HAVE_STRING_H
| # if !defined STDC_HEADERS && defined HAVE_MEMORY_H
| #  include <memory.h>
| # endif
| # include <string.h>
| #endif
| #ifdef HAVE_STRINGS_H
| # include <strings.h>
| #endif
| #ifdef HAVE_INTTYPES_H
| # include <inttypes.h>
| #endif
| #ifdef HAVE_STDINT_H
| # include <stdint.h>
| #endif
| #ifdef HAVE_UNISTD_H
| # include <unistd.h>
| #endif
| int
| main ()
| {
| static int test_array [1 - 2 * !(((long int) (sizeof (int))) <= 1)];
| test_array [0] = 0;
| return test_array [0];
| 
|   ;
|   return 0;
| }
configure:12563: x86_64-unknown-redox-gcc -c -I/home/luis/redox/redox/cookbook/recipes/freetype/sysroot/include -I/home/luis/redox/redox/cookbook/recipes/freetype/sysroot/include conftest.c >&5
conftest.c: In function 'main':
conftest.c:60:12: error: size of array 'test_array' is negative
 static int test_array [1 - 2 * !(((long int) (sizeof (int))) <= 3)];
            ^~~~~~~~~~
configure:12563: $? = 1
configure: failed program was:
| /* confdefs.h */
| #define PACKAGE_NAME "FreeType"
| #define PACKAGE_TARNAME "freetype"
| #define PACKAGE_VERSION "2.9.1"
| #define PACKAGE_STRING "FreeType 2.9.1"
| #define PACKAGE_BUGREPORT "freetype@nongnu.org"
| #define PACKAGE_URL ""
| #define STDC_HEADERS 1
| #define HAVE_SYS_TYPES_H 1
| #define HAVE_SYS_STAT_H 1
| #define HAVE_STDLIB_H 1
| #define HAVE_STRING_H 1
| #define HAVE_MEMORY_H 1
| #define HAVE_STRINGS_H 1
| #define HAVE_INTTYPES_H 1
| #define HAVE_STDINT_H 1
| #define HAVE_UNISTD_H 1
| #define HAVE_DLFCN_H 1
| #define LT_OBJDIR ".libs/"
| #define STDC_HEADERS 1
| #define HAVE_FCNTL_H 1
| #define HAVE_UNISTD_H 1
| /* end confdefs.h.  */
| #include <stdio.h>
| #ifdef HAVE_SYS_TYPES_H
| # include <sys/types.h>
| #endif
| #ifdef HAVE_SYS_STAT_H
| # include <sys/stat.h>
| #endif
| #ifdef STDC_HEADERS
| # include <stdlib.h>
| # include <stddef.h>
| #else
| # ifdef HAVE_STDLIB_H
| #  include <stdlib.h>
| # endif
| #endif
| #ifdef HAVE_STRING_H
| # if !defined STDC_HEADERS && defined HAVE_MEMORY_H
| #  include <memory.h>
| # endif
| # include <string.h>
| #endif
| #ifdef HAVE_STRINGS_H
| # include <strings.h>
| #endif
| #ifdef HAVE_INTTYPES_H
| # include <inttypes.h>
| #endif
| #ifdef HAVE_STDINT_H
| # include <stdint.h>
| #endif
| #ifdef HAVE_UNISTD_H
| # include <unistd.h>
| #endif
| int
| main ()
| {
| static int test_array [1 - 2 * !(((long int) (sizeof (int))) <= 3)];
| test_array [0] = 0;
| return test_array [0];
| 
|   ;
|   return 0;
| }
configure:12563: x86_64-unknown-redox-gcc -c -I/home/luis/redox/redox/cookbook/recipes/freetype/sysroot/include -I/home/luis/redox/redox/cookbook/recipes/freetype/sysroot/include conftest.c >&5
configure:12563: $? = 0
configure:12563: x86_64-unknown-redox-gcc -c -I/home/luis/redox/redox/cookbook/recipes/freetype/sysroot/include -I/home/luis/redox/redox/cookbook/recipes/freetype/sysroot/include conftest.c >&5
configure:12563: $? = 0
configure:12563: x86_64-unknown-redox-gcc -c -I/home/luis/redox/redox/cookbook/recipes/freetype/sysroot/include -I/home/luis/redox/redox/cookbook/recipes/freetype/sysroot/include conftest.c >&5
configure:12563: $? = 0
configure:12577: result: 4
configure:12591: checking size of long
configure:12596: x86_64-unknown-redox-gcc -c -I/home/luis/redox/redox/cookbook/recipes/freetype/sysroot/include -I/home/luis/redox/redox/cookbook/recipes/freetype/sysroot/include conftest.c >&5
configure:12596: $? = 0
configure:12596: x86_64-unknown-redox-gcc -c -I/home/luis/redox/redox/cookbook/recipes/freetype/sysroot/include -I/home/luis/redox/redox/cookbook/recipes/freetype/sysroot/include conftest.c >&5
conftest.c: In function 'main':
conftest.c:61:12: error: size of array 'test_array' is negative
 static int test_array [1 - 2 * !(((long int) (sizeof (long))) <= 0)];
            ^~~~~~~~~~
configure:12596: $? = 1
configure: failed program was:
| /* confdefs.h */
| #define PACKAGE_NAME "FreeType"
| #define PACKAGE_TARNAME "freetype"
| #define PACKAGE_VERSION "2.9.1"
| #define PACKAGE_STRING "FreeType 2.9.1"
| #define PACKAGE_BUGREPORT "freetype@nongnu.org"
| #define PACKAGE_URL ""
| #define STDC_HEADERS 1
| #define HAVE_SYS_TYPES_H 1
| #define HAVE_SYS_STAT_H 1
| #define HAVE_STDLIB_H 1
| #define HAVE_STRING_H 1
| #define HAVE_MEMORY_H 1
| #define HAVE_STRINGS_H 1
| #define HAVE_INTTYPES_H 1
| #define HAVE_STDINT_H 1
| #define HAVE_UNISTD_H 1
| #define HAVE_DLFCN_H 1
| #define LT_OBJDIR ".libs/"
| #define STDC_HEADERS 1
| #define HAVE_FCNTL_H 1
| #define HAVE_UNISTD_H 1
| #define SIZEOF_INT 4
| /* end confdefs.h.  */
| #include <stdio.h>
| #ifdef HAVE_SYS_TYPES_H
| # include <sys/types.h>
| #endif
| #ifdef HAVE_SYS_STAT_H
| # include <sys/stat.h>
| #endif
| #ifdef STDC_HEADERS
| # include <stdlib.h>
| # include <stddef.h>
| #else
| # ifdef HAVE_STDLIB_H
| #  include <stdlib.h>
| # endif
| #endif
| #ifdef HAVE_STRING_H
| # if !defined STDC_HEADERS && defined HAVE_MEMORY_H
| #  include <memory.h>
| # endif
| # include <string.h>
| #endif
| #ifdef HAVE_STRINGS_H
| # include <strings.h>
| #endif
| #ifdef HAVE_INTTYPES_H
| # include <inttypes.h>
| #endif
| #ifdef HAVE_STDINT_H
| # include <stdint.h>
| #endif
| #ifdef HAVE_UNISTD_H
| # include <unistd.h>
| #endif
| int
| main ()
| {
| static int test_array [1 - 2 * !(((long int) (sizeof (long))) <= 0)];
| test_array [0] = 0;
| return test_array [0];
| 
|   ;
|   return 0;
| }
configure:12596: x86_64-unknown-redox-gcc -c -I/home/luis/redox/redox/cookbook/recipes/freetype/sysroot/include -I/home/luis/redox/redox/cookbook/recipes/freetype/sysroot/include conftest.c >&5
conftest.c: In function 'main':
conftest.c:61:12: error: size of array 'test_array' is negative
 static int test_array [1 - 2 * !(((long int) (sizeof (long))) <= 1)];
            ^~~~~~~~~~
configure:12596: $? = 1
configure: failed program was:
| /* confdefs.h */
| #define PACKAGE_NAME "FreeType"
| #define PACKAGE_TARNAME "freetype"
| #define PACKAGE_VERSION "2.9.1"
| #define PACKAGE_STRING "FreeType 2.9.1"
| #define PACKAGE_BUGREPORT "freetype@nongnu.org"
| #define PACKAGE_URL ""
| #define STDC_HEADERS 1
| #define HAVE_SYS_TYPES_H 1
| #define HAVE_SYS_STAT_H 1
| #define HAVE_STDLIB_H 1
| #define HAVE_STRING_H 1
| #define HAVE_MEMORY_H 1
| #define HAVE_STRINGS_H 1
| #define HAVE_INTTYPES_H 1
| #define HAVE_STDINT_H 1
| #define HAVE_UNISTD_H 1
| #define HAVE_DLFCN_H 1
| #define LT_OBJDIR ".libs/"
| #define STDC_HEADERS 1
| #define HAVE_FCNTL_H 1
| #define HAVE_UNISTD_H 1
| #define SIZEOF_INT 4
| /* end confdefs.h.  */
| #include <stdio.h>
| #ifdef HAVE_SYS_TYPES_H
| # include <sys/types.h>
| #endif
| #ifdef HAVE_SYS_STAT_H
| # include <sys/stat.h>
| #endif
| #ifdef STDC_HEADERS
| # include <stdlib.h>
| # include <stddef.h>
| #else
| # ifdef HAVE_STDLIB_H
| #  include <stdlib.h>
| # endif
| #endif
| #ifdef HAVE_STRING_H
| # if !defined STDC_HEADERS && defined HAVE_MEMORY_H
| #  include <memory.h>
| # endif
| # include <string.h>
| #endif
| #ifdef HAVE_STRINGS_H
| # include <strings.h>
| #endif
| #ifdef HAVE_INTTYPES_H
| # include <inttypes.h>
| #endif
| #ifdef HAVE_STDINT_H
| # include <stdint.h>
| #endif
| #ifdef HAVE_UNISTD_H
| # include <unistd.h>
| #endif
| int
| main ()
| {
| static int test_array [1 - 2 * !(((long int) (sizeof (long))) <= 1)];
| test_array [0] = 0;
| return test_array [0];
| 
|   ;
|   return 0;
| }
configure:12596: x86_64-unknown-redox-gcc -c -I/home/luis/redox/redox/cookbook/recipes/freetype/sysroot/include -I/home/luis/redox/redox/cookbook/recipes/freetype/sysroot/include conftest.c >&5
conftest.c: In function 'main':
conftest.c:61:12: error: size of array 'test_array' is negative
 static int test_array [1 - 2 * !(((long int) (sizeof (long))) <= 3)];
            ^~~~~~~~~~
configure:12596: $? = 1
configure: failed program was:
| /* confdefs.h */
| #define PACKAGE_NAME "FreeType"
| #define PACKAGE_TARNAME "freetype"
| #define PACKAGE_VERSION "2.9.1"
| #define PACKAGE_STRING "FreeType 2.9.1"
| #define PACKAGE_BUGREPORT "freetype@nongnu.org"
| #define PACKAGE_URL ""
| #define STDC_HEADERS 1
| #define HAVE_SYS_TYPES_H 1
| #define HAVE_SYS_STAT_H 1
| #define HAVE_STDLIB_H 1
| #define HAVE_STRING_H 1
| #define HAVE_MEMORY_H 1
| #define HAVE_STRINGS_H 1
| #define HAVE_INTTYPES_H 1
| #define HAVE_STDINT_H 1
| #define HAVE_UNISTD_H 1
| #define HAVE_DLFCN_H 1
| #define LT_OBJDIR ".libs/"
| #define STDC_HEADERS 1
| #define HAVE_FCNTL_H 1
| #define HAVE_UNISTD_H 1
| #define SIZEOF_INT 4
| /* end confdefs.h.  */
| #include <stdio.h>
| #ifdef HAVE_SYS_TYPES_H
| # include <sys/types.h>
| #endif
| #ifdef HAVE_SYS_STAT_H
| # include <sys/stat.h>
| #endif
| #ifdef STDC_HEADERS
| # include <stdlib.h>
| # include <stddef.h>
| #else
| # ifdef HAVE_STDLIB_H
| #  include <stdlib.h>
| # endif
| #endif
| #ifdef HAVE_STRING_H
| # if !defined STDC_HEADERS && defined HAVE_MEMORY_H
| #  include <memory.h>
| # endif
| # include <string.h>
| #endif
| #ifdef HAVE_STRINGS_H
| # include <strings.h>
| #endif
| #ifdef HAVE_INTTYPES_H
| # include <inttypes.h>
| #endif
| #ifdef HAVE_STDINT_H
| # include <stdint.h>
| #endif
| #ifdef HAVE_UNISTD_H
| # include <unistd.h>
| #endif
| int
| main ()
| {
| static int test_array [1 - 2 * !(((long int) (sizeof (long))) <= 3)];
| test_array [0] = 0;
| return test_array [0];
| 
|   ;
|   return 0;
| }
configure:12596: x86_64-unknown-redox-gcc -c -I/home/luis/redox/redox/cookbook/recipes/freetype/sysroot/include -I/home/luis/redox/redox/cookbook/recipes/freetype/sysroot/include conftest.c >&5
conftest.c: In function 'main':
conftest.c:61:12: error: size of array 'test_array' is negative
 static int test_array [1 - 2 * !(((long int) (sizeof (long))) <= 7)];
            ^~~~~~~~~~
configure:12596: $? = 1
configure: failed program was:
| /* confdefs.h */
| #define PACKAGE_NAME "FreeType"
| #define PACKAGE_TARNAME "freetype"
| #define PACKAGE_VERSION "2.9.1"
| #define PACKAGE_STRING "FreeType 2.9.1"
| #define PACKAGE_BUGREPORT "freetype@nongnu.org"
| #define PACKAGE_URL ""
| #define STDC_HEADERS 1
| #define HAVE_SYS_TYPES_H 1
| #define HAVE_SYS_STAT_H 1
| #define HAVE_STDLIB_H 1
| #define HAVE_STRING_H 1
| #define HAVE_MEMORY_H 1
| #define HAVE_STRINGS_H 1
| #define HAVE_INTTYPES_H 1
| #define HAVE_STDINT_H 1
| #define HAVE_UNISTD_H 1
| #define HAVE_DLFCN_H 1
| #define LT_OBJDIR ".libs/"
| #define STDC_HEADERS 1
| #define HAVE_FCNTL_H 1
| #define HAVE_UNISTD_H 1
| #define SIZEOF_INT 4
| /* end confdefs.h.  */
| #include <stdio.h>
| #ifdef HAVE_SYS_TYPES_H
| # include <sys/types.h>
| #endif
| #ifdef HAVE_SYS_STAT_H
| # include <sys/stat.h>
| #endif
| #ifdef STDC_HEADERS
| # include <stdlib.h>
| # include <stddef.h>
| #else
| # ifdef HAVE_STDLIB_H
| #  include <stdlib.h>
| # endif
| #endif
| #ifdef HAVE_STRING_H
| # if !defined STDC_HEADERS && defined HAVE_MEMORY_H
| #  include <memory.h>
| # endif
| # include <string.h>
| #endif
| #ifdef HAVE_STRINGS_H
| # include <strings.h>
| #endif
| #ifdef HAVE_INTTYPES_H
| # include <inttypes.h>
| #endif
| #ifdef HAVE_STDINT_H
| # include <stdint.h>
| #endif
| #ifdef HAVE_UNISTD_H
| # include <unistd.h>
| #endif
| int
| main ()
| {
| static int test_array [1 - 2 * !(((long int) (sizeof (long))) <= 7)];
| test_array [0] = 0;
| return test_array [0];
| 
|   ;
|   return 0;
| }
configure:12596: x86_64-unknown-redox-gcc -c -I/home/luis/redox/redox/cookbook/recipes/freetype/sysroot/include -I/home/luis/redox/redox/cookbook/recipes/freetype/sysroot/include conftest.c >&5
configure:12596: $? = 0
configure:12596: x86_64-unknown-redox-gcc -c -I/home/luis/redox/redox/cookbook/recipes/freetype/sysroot/include -I/home/luis/redox/redox/cookbook/recipes/freetype/sysroot/include conftest.c >&5
configure:12596: $? = 0
configure:12596: x86_64-unknown-redox-gcc -c -I/home/luis/redox/redox/cookbook/recipes/freetype/sysroot/include -I/home/luis/redox/redox/cookbook/recipes/freetype/sysroot/include conftest.c >&5
configure:12596: $? = 0
configure:12596: x86_64-unknown-redox-gcc -c -I/home/luis/redox/redox/cookbook/recipes/freetype/sysroot/include -I/home/luis/redox/redox/cookbook/recipes/freetype/sysroot/include conftest.c >&5
configure:12596: $? = 0
configure:12610: result: 8
configure:12621: checking for unsigned long long int
configure:12660: x86_64-unknown-redox-gcc -o conftest -I/home/luis/redox/redox/cookbook/recipes/freetype/sysroot/include -I/home/luis/redox/redox/cookbook/recipes/freetype/sysroot/include -L/home/luis/redox/redox/cookbook/recipes/freetype/sysroot/lib --static conftest.c  >&5
configure:12660: $? = 0
configure:12669: result: yes
configure:12679: checking for long long int
configure:12729: result: yes
configure:12741: checking whether cpp computation of bit length in ftconfig.in works
configure:12796: result: yes
configure:12839: checking for special C compiler options needed for large files
configure:12884: result: no
configure:12890: checking for _FILE_OFFSET_BITS value needed for large files
configure:12915: x86_64-unknown-redox-gcc -c -I/home/luis/redox/redox/cookbook/recipes/freetype/sysroot/include -I/home/luis/redox/redox/cookbook/recipes/freetype/sysroot/include conftest.c >&5
configure:12915: $? = 0
configure:12947: result: no
configure:13049: checking for stdlib.h
configure:13049: result: yes
configure:13049: checking for unistd.h
configure:13049: result: yes
configure:13049: checking for sys/param.h
configure:13049: x86_64-unknown-redox-gcc -c -I/home/luis/redox/redox/cookbook/recipes/freetype/sysroot/include -I/home/luis/redox/redox/cookbook/recipes/freetype/sysroot/include conftest.c >&5
configure:13049: $? = 0
configure:13049: result: yes
configure:13069: checking for getpagesize
configure:13069: x86_64-unknown-redox-gcc -o conftest -I/home/luis/redox/redox/cookbook/recipes/freetype/sysroot/include -I/home/luis/redox/redox/cookbook/recipes/freetype/sysroot/include -L/home/luis/redox/redox/cookbook/recipes/freetype/sysroot/lib --static conftest.c  >&5
configure:13069: $? = 0
configure:13069: result: yes
configure:13078: checking for working mmap
configure:13235: result: no
configure:13303: checking for memcpy
configure:13303: x86_64-unknown-redox-gcc -o conftest -I/home/luis/redox/redox/cookbook/recipes/freetype/sysroot/include -I/home/luis/redox/redox/cookbook/recipes/freetype/sysroot/include -L/home/luis/redox/redox/cookbook/recipes/freetype/sysroot/lib --static conftest.c  >&5
conftest.c:55:6: warning: conflicting types for built-in function 'memcpy' [-Wbuiltin-declaration-mismatch]
 char memcpy ();
      ^~~~~~
configure:13303: $? = 0
configure:13303: result: yes
configure:13303: checking for memmove
configure:13303: x86_64-unknown-redox-gcc -o conftest -I/home/luis/redox/redox/cookbook/recipes/freetype/sysroot/include -I/home/luis/redox/redox/cookbook/recipes/freetype/sysroot/include -L/home/luis/redox/redox/cookbook/recipes/freetype/sysroot/lib --static conftest.c  >&5
conftest.c:56:6: warning: conflicting types for built-in function 'memmove' [-Wbuiltin-declaration-mismatch]
 char memmove ();
      ^~~~~~~
configure:13303: $? = 0
configure:13303: result: yes
configure:13355: checking gcc compiler flag -pedantic to assure ANSI C works correctly
configure:13382: x86_64-unknown-redox-gcc -c -I/home/luis/redox/redox/cookbook/recipes/freetype/sysroot/include  -pedantic -I/home/luis/redox/redox/cookbook/recipes/freetype/sysroot/include conftest.c >&5
configure:13382: $? = 0
configure:13383: result: ok, adding to XX_ANSIFLAGS
configure:13355: checking gcc compiler flag -ansi to assure ANSI C works correctly
configure:13382: x86_64-unknown-redox-gcc -c -I/home/luis/redox/redox/cookbook/recipes/freetype/sysroot/include  -pedantic -ansi -I/home/luis/redox/redox/cookbook/recipes/freetype/sysroot/include conftest.c >&5
configure:13382: $? = 0
configure:13383: result: ok, adding to XX_ANSIFLAGS
configure:13416: checking for -fvisibility=hidden compiler flag
configure:13431: x86_64-unknown-redox-gcc -c -I/home/luis/redox/redox/cookbook/recipes/freetype/sysroot/include -fvisibility=hidden -I/home/luis/redox/redox/cookbook/recipes/freetype/sysroot/include conftest.c >&5
configure:13431: $? = 0
configure:13432: result: yes
configure:13476: $PKG_CONFIG --exists --print-errors "$zlib_pkg"
configure:13479: $? = 0
configure:13486: checking for ZLIB
configure:13493: $PKG_CONFIG --exists --print-errors "$zlib_pkg"
configure:13496: $? = 0
configure:13510: $PKG_CONFIG --exists --print-errors "$zlib_pkg"
configure:13513: $? = 0
configure:13551: result: yes
configure:13646: $PKG_CONFIG --exists --print-errors "$bzip2_pkg"
Package bzip2 was not found in the pkg-config search path.
Perhaps you should add the directory containing `bzip2.pc'
to the PKG_CONFIG_PATH environment variable
No package 'bzip2' found
configure:13649: $? = 1
configure:13656: checking for BZIP2
configure:13663: $PKG_CONFIG --exists --print-errors "$bzip2_pkg"
Package bzip2 was not found in the pkg-config search path.
Perhaps you should add the directory containing `bzip2.pc'
to the PKG_CONFIG_PATH environment variable
No package 'bzip2' found
configure:13666: $? = 1
configure:13680: $PKG_CONFIG --exists --print-errors "$bzip2_pkg"
Package bzip2 was not found in the pkg-config search path.
Perhaps you should add the directory containing `bzip2.pc'
to the PKG_CONFIG_PATH environment variable
No package 'bzip2' found
configure:13683: $? = 1
configure:13697: result: no
No package 'bzip2' found
configure:13741: checking for BZ2_bzDecompress in -lbz2
configure:13766: x86_64-unknown-redox-gcc -o conftest -I/home/luis/redox/redox/cookbook/recipes/freetype/sysroot/include -fvisibility=hidden -I/home/luis/redox/redox/cookbook/recipes/freetype/sysroot/include -L/home/luis/redox/redox/cookbook/recipes/freetype/sysroot/lib --static conftest.c -lbz2   >&5
/home/luis/redox/redox/prefix/x86_64-unknown-redox/relibc-install/bin/../lib/gcc/x86_64-unknown-redox/8.2.0/../../../../x86_64-unknown-redox/bin/ld: cannot find -lbz2
collect2: error: ld returned 1 exit status
configure:13766: $? = 1
configure: failed program was:
| /* confdefs.h */
| #define PACKAGE_NAME "FreeType"
| #define PACKAGE_TARNAME "freetype"
| #define PACKAGE_VERSION "2.9.1"
| #define PACKAGE_STRING "FreeType 2.9.1"
| #define PACKAGE_BUGREPORT "freetype@nongnu.org"
| #define PACKAGE_URL ""
| #define STDC_HEADERS 1
| #define HAVE_SYS_TYPES_H 1
| #define HAVE_SYS_STAT_H 1
| #define HAVE_STDLIB_H 1
| #define HAVE_STRING_H 1
| #define HAVE_MEMORY_H 1
| #define HAVE_STRINGS_H 1
| #define HAVE_INTTYPES_H 1
| #define HAVE_STDINT_H 1
| #define HAVE_UNISTD_H 1
| #define HAVE_DLFCN_H 1
| #define LT_OBJDIR ".libs/"
| #define STDC_HEADERS 1
| #define HAVE_FCNTL_H 1
| #define HAVE_UNISTD_H 1
| #define SIZEOF_INT 4
| #define SIZEOF_LONG 8
| #define HAVE_UNSIGNED_LONG_LONG_INT 1
| #define HAVE_LONG_LONG_INT 1
| #define HAVE_STDLIB_H 1
| #define HAVE_UNISTD_H 1
| #define HAVE_SYS_PARAM_H 1
| #define HAVE_GETPAGESIZE 1
| #define HAVE_MEMCPY 1
| #define HAVE_MEMMOVE 1
| /* end confdefs.h.  */
| 
| /* Override any GCC internal prototype to avoid an error.
|    Use char because int might match the return type of a GCC
|    builtin and then its argument prototype would still apply.  */
| #ifdef __cplusplus
| extern "C"
| #endif
| char BZ2_bzDecompress ();
| int
| main ()
| {
| return BZ2_bzDecompress ();
|   ;
|   return 0;
| }
configure:13775: result: no
configure:13816: $PKG_CONFIG --exists --print-errors "$libpng_pkg"
configure:13819: $? = 0
configure:13826: checking for LIBPNG
configure:13833: $PKG_CONFIG --exists --print-errors "$libpng_pkg"
configure:13836: $? = 0
configure:13850: $PKG_CONFIG --exists --print-errors "$libpng_pkg"
configure:13853: $? = 0
configure:13891: result: yes
configure:13952: $PKG_CONFIG --exists --print-errors "$harfbuzz_pkg"
Package harfbuzz was not found in the pkg-config search path.
Perhaps you should add the directory containing `harfbuzz.pc'
to the PKG_CONFIG_PATH environment variable
No package 'harfbuzz' found
configure:13955: $? = 1
configure:13962: checking for HARFBUZZ
configure:13969: $PKG_CONFIG --exists --print-errors "$harfbuzz_pkg"
Package harfbuzz was not found in the pkg-config search path.
Perhaps you should add the directory containing `harfbuzz.pc'
to the PKG_CONFIG_PATH environment variable
No package 'harfbuzz' found
configure:13972: $? = 1
configure:13986: $PKG_CONFIG --exists --print-errors "$harfbuzz_pkg"
Package harfbuzz was not found in the pkg-config search path.
Perhaps you should add the directory containing `harfbuzz.pc'
to the PKG_CONFIG_PATH environment variable
No package 'harfbuzz' found
configure:13989: $? = 1
configure:14003: result: no
No package 'harfbuzz' found
configure:14066: checking for library containing clock_gettime
configure:14097: x86_64-unknown-redox-gcc -o conftest -I/home/luis/redox/redox/cookbook/recipes/freetype/sysroot/include -fvisibility=hidden -I/home/luis/redox/redox/cookbook/recipes/freetype/sysroot/include -L/home/luis/redox/redox/cookbook/recipes/freetype/sysroot/lib --static conftest.c  >&5
configure:14097: $? = 0
configure:14114: result: none required
configure:14937: creating ./config.status

## ---------------------- ##
## Running config.status. ##
## ---------------------- ##

This file was extended by FreeType config.status 2.9.1, which was
generated by GNU Autoconf 2.69.  Invocation command line was

  CONFIG_FILES    = 
  CONFIG_HEADERS  = 
  CONFIG_LINKS    = 
  CONFIG_COMMANDS = 
  $ ./config.status 

on luis-ThinkPad-T460

config.status:1136: creating ftoption.h
config.status:1136: creating unix-cc.mk
config.status:1136: creating unix-def.mk
config.status:1136: creating ftconfig.h
config.status:1316: executing libtool commands
configure:17186:

Library configuration:
  external zlib: yes (pkg-config)
  bzip2:         no
  libpng:        yes (pkg-config)
  harfbuzz:      no


## ---------------- ##
## Cache variables. ##
## ---------------- ##

ac_cv_build=x86_64-pc-linux-gnu
ac_cv_c_compiler_gnu=yes
ac_cv_c_const=yes
ac_cv_env_BZIP2_CFLAGS_set=
ac_cv_env_BZIP2_CFLAGS_value=
ac_cv_env_BZIP2_LIBS_set=
ac_cv_env_BZIP2_LIBS_value=
ac_cv_env_CC_set=set
ac_cv_env_CC_value=x86_64-unknown-redox-gcc
ac_cv_env_CFLAGS_set=set
ac_cv_env_CFLAGS_value=-I/home/luis/redox/redox/cookbook/recipes/freetype/sysroot/include
ac_cv_env_CPPFLAGS_set=set
ac_cv_env_CPPFLAGS_value=-I/home/luis/redox/redox/cookbook/recipes/freetype/sysroot/include
ac_cv_env_CPP_set=
ac_cv_env_CPP_value=
ac_cv_env_HARFBUZZ_CFLAGS_set=
ac_cv_env_HARFBUZZ_CFLAGS_value=
ac_cv_env_HARFBUZZ_LIBS_set=
ac_cv_env_HARFBUZZ_LIBS_value=
ac_cv_env_LDFLAGS_set=set
ac_cv_env_LDFLAGS_value='-L/home/luis/redox/redox/cookbook/recipes/freetype/sysroot/lib --static'
ac_cv_env_LIBPNG_CFLAGS_set=
ac_cv_env_LIBPNG_CFLAGS_value=
ac_cv_env_LIBPNG_LIBS_set=
ac_cv_env_LIBPNG_LIBS_value=
ac_cv_env_LIBS_set=
ac_cv_env_LIBS_value=
ac_cv_env_LT_SYS_LIBRARY_PATH_set=
ac_cv_env_LT_SYS_LIBRARY_PATH_value=
ac_cv_env_PKG_CONFIG_LIBDIR_set=set
ac_cv_env_PKG_CONFIG_LIBDIR_value=/home/luis/redox/redox/cookbook/recipes/freetype/sysroot/lib/pkgconfig
ac_cv_env_PKG_CONFIG_PATH_set=set
ac_cv_env_PKG_CONFIG_PATH_value=
ac_cv_env_PKG_CONFIG_set=set
ac_cv_env_PKG_CONFIG_value=x86_64-unknown-redox-pkg-config
ac_cv_env_ZLIB_CFLAGS_set=
ac_cv_env_ZLIB_CFLAGS_value=
ac_cv_env_ZLIB_LIBS_set=
ac_cv_env_ZLIB_LIBS_value=
ac_cv_env_build_alias_set=
ac_cv_env_build_alias_value=
ac_cv_env_host_alias_set=set
ac_cv_env_host_alias_value=x86_64-unknown-redox
ac_cv_env_target_alias_set=
ac_cv_env_target_alias_value=
ac_cv_func_getpagesize=yes
ac_cv_func_memcpy=yes
ac_cv_func_memmove=yes
ac_cv_func_mmap_fixed_mapped=no
ac_cv_header_dlfcn_h=yes
ac_cv_header_fcntl_h=yes
ac_cv_header_inttypes_h=yes
ac_cv_header_memory_h=yes
ac_cv_header_stdc=yes
ac_cv_header_stdint_h=yes
ac_cv_header_stdlib_h=yes
ac_cv_header_string_h=yes
ac_cv_header_strings_h=yes
ac_cv_header_sys_param_h=yes
ac_cv_header_sys_stat_h=yes
ac_cv_header_sys_types_h=yes
ac_cv_header_unistd_h=yes
ac_cv_host=x86_64-unknown-redox
ac_cv_lib_bz2_BZ2_bzDecompress=no
ac_cv_objext=o
ac_cv_path_EGREP='/usr/bin/grep -E'
ac_cv_path_FGREP='/usr/bin/grep -F'
ac_cv_path_GREP=/usr/bin/grep
ac_cv_path_SED=/usr/bin/sed
ac_cv_path_install='/usr/bin/install -c'
ac_cv_path_lt_DD=/usr/bin/dd
ac_cv_path_mkdir=/usr/bin/mkdir
ac_cv_prog_AR=x86_64-unknown-redox-gcc-ar
ac_cv_prog_AWK=mawk
ac_cv_prog_CC=x86_64-unknown-redox-gcc
ac_cv_prog_CC_BUILD=gcc
ac_cv_prog_CPP='x86_64-unknown-redox-gcc -E'
ac_cv_prog_OBJDUMP=x86_64-unknown-redox-objdump
ac_cv_prog_RANLIB=x86_64-unknown-redox-gcc-ranlib
ac_cv_prog_STRIP=x86_64-unknown-redox-strip
ac_cv_prog_ac_ct_MANIFEST_TOOL=mt
ac_cv_prog_cc_c89=
ac_cv_prog_cc_g=yes
ac_cv_search_clock_gettime='none required'
ac_cv_sizeof_int=4
ac_cv_sizeof_long=8
ac_cv_sys_file_offset_bits=no
ac_cv_sys_largefile_CC=no
ac_cv_type_long_long_int=yes
ac_cv_type_unsigned_long_long_int=yes
lt_cv_ar_at_file=@
lt_cv_deplibs_check_method=unknown
lt_cv_file_magic_cmd='$MAGIC_CMD'
lt_cv_file_magic_test_file=
lt_cv_ld_reload_flag=-r
lt_cv_nm_interface='BSD nm'
lt_cv_objdir=.libs
lt_cv_path_LD=x86_64-unknown-redox-ld
lt_cv_path_NM=x86_64-unknown-redox-gcc-nm
lt_cv_path_mainfest_tool=no
lt_cv_prog_compiler_c_o=yes
lt_cv_prog_compiler_c_o_RC=yes
lt_cv_prog_compiler_pic='-fPIC -DPIC'
lt_cv_prog_compiler_pic_works=yes
lt_cv_prog_compiler_rtti_exceptions=no
lt_cv_prog_compiler_static_works=yes
lt_cv_prog_gnu_ld=yes
lt_cv_sharedlib_from_linklib_cmd='printf %s\n'
lt_cv_sys_global_symbol_pipe='sed -n -e '\''s/^.*[	 ]\([ABCDGIRSTW][ABCDGIRSTW]*\)[	 ][	 ]*\([_A-Za-z][_A-Za-z0-9]*\)$/\1 \2 \2/p'\'' | sed '\''/ __gnu_lto/d'\'''
lt_cv_sys_global_symbol_to_c_name_address='sed -n -e '\''s/^: \(.*\) .*$/  {"\1", (void *) 0},/p'\'' -e '\''s/^[ABCDGIRSTW][ABCDGIRSTW]* .* \(.*\)$/  {"\1", (void *) \&\1},/p'\'''
lt_cv_sys_global_symbol_to_c_name_address_lib_prefix='sed -n -e '\''s/^: \(.*\) .*$/  {"\1", (void *) 0},/p'\'' -e '\''s/^[ABCDGIRSTW][ABCDGIRSTW]* .* \(lib.*\)$/  {"\1", (void *) \&\1},/p'\'' -e '\''s/^[ABCDGIRSTW][ABCDGIRSTW]* .* \(.*\)$/  {"lib\1", (void *) \&\1},/p'\'''
lt_cv_sys_global_symbol_to_cdecl='sed -n -e '\''s/^T .* \(.*\)$/extern int \1();/p'\'' -e '\''s/^[ABCDGIRSTW][ABCDGIRSTW]* .* \(.*\)$/extern char \1;/p'\'''
lt_cv_sys_global_symbol_to_import=
lt_cv_sys_max_cmd_len=1572864
lt_cv_to_host_file_cmd=func_convert_file_noop
lt_cv_to_tool_file_cmd=func_convert_file_noop
lt_cv_truncate_bin='/usr/bin/dd bs=4096 count=1'
pkg_cv_LIBPNG_CFLAGS='-I/home/luis/redox/redox/cookbook/recipes/freetype/sysroot/include/libpng16 -I/home/luis/redox/redox/cookbook/recipes/freetype/sysroot/include'
pkg_cv_LIBPNG_LIBS='-L/home/luis/redox/redox/cookbook/recipes/freetype/sysroot/lib -lpng16 -lm -lz'
pkg_cv_ZLIB_CFLAGS=-I/home/luis/redox/redox/cookbook/recipes/freetype/sysroot/include
pkg_cv_ZLIB_LIBS='-L/home/luis/redox/redox/cookbook/recipes/freetype/sysroot/lib -lz'

## ----------------- ##
## Output variables. ##
## ----------------- ##

AR='x86_64-unknown-redox-gcc-ar'
AS='x86_64-unknown-redox-as'
AWK='mawk'
BZIP2_CFLAGS=''
BZIP2_LIBS=''
CC='x86_64-unknown-redox-gcc'
CC_BUILD='gcc'
CFLAGS='-I/home/luis/redox/redox/cookbook/recipes/freetype/sysroot/include -fvisibility=hidden -I/home/luis/redox/redox/cookbook/recipes/freetype/sysroot/include -I/home/luis/redox/redox/cookbook/recipes/freetype/sysroot/include/libpng16 -I/home/luis/redox/redox/cookbook/recipes/freetype/sysroot/include'
CPP='x86_64-unknown-redox-gcc -E'
CPPFLAGS='-I/home/luis/redox/redox/cookbook/recipes/freetype/sysroot/include'
DEFS='-DHAVE_CONFIG_H'
DLLTOOL='false'
DSYMUTIL=''
DUMPBIN=''
ECHO_C=''
ECHO_N='-n'
ECHO_T=''
EGREP='/usr/bin/grep -E'
EXEEXT=''
EXEEXT_BUILD=''
FGREP='/usr/bin/grep -F'
FTSYS_SRC='$(BASE_DIR)/ftsystem.c'
GREP='/usr/bin/grep'
HARFBUZZ_CFLAGS=''
HARFBUZZ_LIBS=''
INSTALL_DATA='${INSTALL} -m 644'
INSTALL_FT2_CONFIG='FALSE'
INSTALL_PROGRAM='${INSTALL}'
INSTALL_SCRIPT='${INSTALL}'
LD='x86_64-unknown-redox-ld'
LDFLAGS='-L/home/luis/redox/redox/cookbook/recipes/freetype/sysroot/lib --static -L/home/luis/redox/redox/cookbook/recipes/freetype/sysroot/lib -lz -L/home/luis/redox/redox/cookbook/recipes/freetype/sysroot/lib -lpng16 -lm -lz'
LIBOBJS=''
LIBPNG_CFLAGS='-I/home/luis/redox/redox/cookbook/recipes/freetype/sysroot/include/libpng16 -I/home/luis/redox/redox/cookbook/recipes/freetype/sysroot/include'
LIBPNG_LIBS='-L/home/luis/redox/redox/cookbook/recipes/freetype/sysroot/lib -lpng16 -lm -lz'
LIBS=''
LIBSSTATIC_CONFIG='-lfreetype -L/home/luis/redox/redox/cookbook/recipes/freetype/sysroot/lib -lz -L/home/luis/redox/redox/cookbook/recipes/freetype/sysroot/lib -lpng16 -lm -lz'
LIBS_PRIVATE=''
LIBTOOL='$(SHELL) $(top_builddir)/libtool'
LIB_CLOCK_GETTIME=''
LIPO=''
LN_S='ln -s'
LTLIBOBJS=''
LT_SYS_LIBRARY_PATH=''
MANIFEST_TOOL=':'
MKDIR_P='/usr/bin/mkdir -p'
NM='x86_64-unknown-redox-gcc-nm'
NMEDIT=''
OBJDUMP='x86_64-unknown-redox-objdump'
OBJEXT='o'
OTOOL64=''
OTOOL=''
PACKAGE_BUGREPORT='freetype@nongnu.org'
PACKAGE_NAME='FreeType'
PACKAGE_STRING='FreeType 2.9.1'
PACKAGE_TARNAME='freetype'
PACKAGE_URL=''
PACKAGE_VERSION='2.9.1'
PATH_SEPARATOR=':'
PKG_CONFIG='x86_64-unknown-redox-pkg-config'
PKG_CONFIG_LIBDIR='/home/luis/redox/redox/cookbook/recipes/freetype/sysroot/lib/pkgconfig'
PKG_CONFIG_PATH=''
RANLIB='x86_64-unknown-redox-gcc-ranlib'
RC=''
REQUIRES_PRIVATE='zlib, libpng'
SED='/usr/bin/sed'
SHELL='/bin/bash'
STRIP='x86_64-unknown-redox-strip'
XX_ANSIFLAGS=' -pedantic -ansi'
XX_CFLAGS='-Wall'
ZLIB_CFLAGS='-I/home/luis/redox/redox/cookbook/recipes/freetype/sysroot/include'
ZLIB_LIBS='-L/home/luis/redox/redox/cookbook/recipes/freetype/sysroot/lib -lz'
ac_ct_AR=''
ac_ct_CC=''
ac_ct_DUMPBIN=''
bindir='${exec_prefix}/bin'
build='x86_64-pc-linux-gnu'
build_alias=''
build_cpu='x86_64'
build_libtool_libs=''
build_os='linux-gnu'
build_vendor='pc'
datadir='${datarootdir}'
datarootdir='${prefix}/share'
docdir='${datarootdir}/doc/${PACKAGE_TARNAME}'
dvidir='${docdir}'
exec_prefix='${prefix}'
ft_version='22.1.16'
ftmac_c=''
hardcode_libdir_flag_spec='$wl-rpath $wl$libdir'
host='x86_64-unknown-redox'
host_alias='x86_64-unknown-redox'
host_cpu='x86_64'
host_os='redox'
host_vendor='unknown'
htmldir='${docdir}'
includedir='${prefix}/include'
infodir='${datarootdir}/info'
libdir='${exec_prefix}/lib'
libexecdir='${exec_prefix}/libexec'
localedir='${datarootdir}/locale'
localstatedir='${prefix}/var'
mandir='${datarootdir}/man'
oldincludedir='/usr/include'
pdfdir='${docdir}'
prefix=''
program_transform_name='s,x,x,'
psdir='${docdir}'
sbindir='${exec_prefix}/sbin'
sharedstatedir='${prefix}/com'
sysconfdir='${prefix}/etc'
target_alias=''
version_info='22:1:16'
wl='-Wl,'

## ----------- ##
## confdefs.h. ##
## ----------- ##

/* confdefs.h */
#define PACKAGE_NAME "FreeType"
#define PACKAGE_TARNAME "freetype"
#define PACKAGE_VERSION "2.9.1"
#define PACKAGE_STRING "FreeType 2.9.1"
#define PACKAGE_BUGREPORT "freetype@nongnu.org"
#define PACKAGE_URL ""
#define STDC_HEADERS 1
#define HAVE_SYS_TYPES_H 1
#define HAVE_SYS_STAT_H 1
#define HAVE_STDLIB_H 1
#define HAVE_STRING_H 1
#define HAVE_MEMORY_H 1
#define HAVE_STRINGS_H 1
#define HAVE_INTTYPES_H 1
#define HAVE_STDINT_H 1
#define HAVE_UNISTD_H 1
#define HAVE_DLFCN_H 1
#define LT_OBJDIR ".libs/"
#define STDC_HEADERS 1
#define HAVE_FCNTL_H 1
#define HAVE_UNISTD_H 1
#define SIZEOF_INT 4
#define SIZEOF_LONG 8
#define HAVE_UNSIGNED_LONG_LONG_INT 1
#define HAVE_LONG_LONG_INT 1
#define HAVE_STDLIB_H 1
#define HAVE_UNISTD_H 1
#define HAVE_SYS_PARAM_H 1
#define HAVE_GETPAGESIZE 1
#define HAVE_MEMCPY 1
#define HAVE_MEMMOVE 1

configure: exit 0
