This file contains any messages produced by compilers while
running configure, to aid debugging if configure makes a mistake.

It was created by configure, which was
generated by GNU Autoconf 2.52.20170501.  Invocation command line was

  $ ./configure --build=x86_64-linux-gnu --host=x86_64-unknown-redox --prefix= --disable-db-install --without-ada --without-cxx-binding --without-tests cf_cv_func_mkstemp=yes

## ---------- ##
## Platform.  ##
## ---------- ##

hostname = luis-ThinkPad-T460
uname -m = x86_64
uname -r = 5.15.0-37-generic
uname -s = Linux
uname -v = #39-Ubuntu SMP Wed Jun 1 19:16:45 UTC 2022

/usr/bin/uname -p = x86_64
/bin/uname -X     = unknown

/bin/arch              = x86_64
/usr/bin/arch -k       = unknown
/usr/convex/getsysinfo = unknown
hostinfo               = unknown
/bin/machine           = unknown
/usr/bin/oslevel       = unknown
/bin/universe          = unknown

PATH = /home/luis/redox/redox/cookbook/bin:/home/luis/redox/redox/cookbook/bin:/home/luis/redox/redox/cookbook/bin:/home/luis/redox/redox/cookbook/bin:/home/luis/redox/redox/prefix/x86_64-unknown-redox/relibc-install/bin:/home/luis/.cargo/bin:/home/luis/.cargo/bin:/usr/local/sbin:/usr/local/bin:/usr/sbin:/usr/bin:/sbin:/bin:/usr/games:/usr/local/games:/snap/bin

## ------------ ##
## Core tests.  ##
## ------------ ##

configure:1134: PATH=".;."; conftest.sh
./configure: 1135: conftest.sh: not found
configure:1137: $? = 127
configure:1150: checking for egrep
configure:1160: result: grep -E
configure:1174: result: Configuring NCURSES 6.1 ABI 6 (Tue Jun 14 21:59:08 CEST 2022)
configure:1178: checking for package version
configure:1199: result: 6.0
configure:1202: checking for package patch date
configure:1219: result: 20180127
configure:1230: testing ABI VERSION 5:0:9 ...
configure:1234: testing VERSION_MAJOR 6 ...
configure:1238: testing VERSION_MINOR 0 ...
configure:1242: testing VERSION_PATCH 20180127 ...
configure:1384: checking build system type
configure:1402: result: x86_64-pc-linux-gnu
configure:1409: checking host system type
configure:1423: result: x86_64-unknown-redox
configure:1431: checking target system type
configure:1445: result: x86_64-unknown-redox
configure:1477: result: Configuring for redox
configure:1503: checking for prefix
configure:1515: result: 
configure:1604: checking for x86_64-unknown-redox-gcc
configure:1627: result: x86_64-unknown-redox-gcc
configure:1684: checking for C compiler version
configure:1687: x86_64-unknown-redox-gcc --version </dev/null >&5
x86_64-unknown-redox-gcc (GCC) 8.2.0
Copyright (C) 2018 Free Software Foundation, Inc.
This is free software; see the source for copying conditions.  There is NO
warranty; not even for MERCHANTABILITY or FITNESS FOR A PARTICULAR PURPOSE.

configure:1690: $? = 0
configure:1692: x86_64-unknown-redox-gcc -v </dev/null >&5
Using built-in specs.
COLLECT_GCC=x86_64-unknown-redox-gcc
COLLECT_LTO_WRAPPER=/home/luis/redox/redox/prefix/x86_64-unknown-redox/relibc-install/bin/../libexec/gcc/x86_64-unknown-redox/8.2.0/lto-wrapper
Target: x86_64-unknown-redox
Configured with: /home/redox/redox/prefix/x86_64-unknown-redox/gcc/configure --target=x86_64-unknown-redox --program-prefix=x86_64-unknown-redox- --prefix= --with-sysroot --with-build-sysroot=/home/redox/redox/prefix/x86_64-unknown-redox/relibc-freestanding-install/x86_64-unknown-redox --with-native-system-header-dir=/include --disable-multilib --disable-nls --disable-werror --enable-languages=c,c++ --enable-shared --enable-threads=posix
Thread model: posix
gcc version 8.2.0 (GCC) 
configure:1695: $? = 0
configure:1697: x86_64-unknown-redox-gcc -V </dev/null >&5
x86_64-unknown-redox-gcc: error: unrecognized command line option '-V'
x86_64-unknown-redox-gcc: fatal error: no input files
compilation terminated.
configure:1700: $? = 1
configure:1720: checking for C compiler default output
configure:1723: x86_64-unknown-redox-gcc    conftest.c  >&5
configure:1726: $? = 0
configure:1755: result: a.out
configure:1760: checking whether the C compiler works
configure:1784: result: yes
configure:1791: checking whether we are cross compiling
configure:1793: result: yes
configure:1796: checking for executable suffix
configure:1798: x86_64-unknown-redox-gcc -o conftest    conftest.c  >&5
configure:1801: $? = 0
configure:1823: result: 
configure:1829: checking for object suffix
configure:1847: x86_64-unknown-redox-gcc -c   conftest.c >&5
configure:1850: $? = 0
configure:1869: result: o
configure:1873: checking whether we are using the GNU C compiler
configure:1894: x86_64-unknown-redox-gcc -c   conftest.c >&5
configure:1897: $? = 0
configure:1900: test -s conftest.o
configure:1903: $? = 0
configure:1915: result: yes
configure:1921: checking whether x86_64-unknown-redox-gcc accepts -g
configure:1939: x86_64-unknown-redox-gcc -c -g  conftest.c >&5
configure:1942: $? = 0
configure:1945: test -s conftest.o
configure:1948: $? = 0
configure:1958: result: yes
configure:1985: x86_64-unknown-redox-gcc -c -g -O2  conftest.c >&5
conftest.c:2:3: error: unknown type name 'choke'
   choke me
   ^~~~~
conftest.c:2:3: error: expected '=', ',', ';', 'asm' or '__attribute__' at end of input
configure:1988: $? = 1
configure: failed program was:
#ifndef __cplusplus
  choke me
#endif
configure:2089: checking version of x86_64-unknown-redox-gcc
configure:2093: result: 8.2.0
configure:2097: checking for x86_64-unknown-redox-gcc option to accept ANSI C
configure:2154: x86_64-unknown-redox-gcc  -c -g -O2  conftest.c >&5
configure:2157: $? = 0
configure:2160: test -s conftest.o
configure:2163: $? = 0
configure:2180: result: none needed
configure:2191: checking $CC variable
configure:2326: result: ok
configure:2337: checking how to run the C preprocessor
configure:2363: x86_64-unknown-redox-gcc -E  conftest.c
configure:2369: $? = 0
configure:2396: x86_64-unknown-redox-gcc -E  conftest.c
configure:2393:10: fatal error: ac_nonexistent.h: No such file or directory
 #include "confdefs.h"
          ^~~~~~~~~~~~      
compilation terminated.
configure:2402: $? = 1
configure: failed program was:
#line 2392 "configure"
#include "confdefs.h"
#include <ac_nonexistent.h>
configure:2439: result: x86_64-unknown-redox-gcc -E
configure:2454: x86_64-unknown-redox-gcc -E  conftest.c
configure:2460: $? = 0
configure:2487: x86_64-unknown-redox-gcc -E  conftest.c
configure:2484:10: fatal error: ac_nonexistent.h: No such file or directory
 #include "confdefs.h"
          ^~~~~~~~~~~~      
compilation terminated.
configure:2493: $? = 1
configure: failed program was:
#line 2483 "configure"
#include "confdefs.h"
#include <ac_nonexistent.h>
configure:2534: checking whether x86_64-unknown-redox-gcc needs -traditional
configure:2557:10: fatal error: termio.h: No such file or directory
 #include "confdefs.h"
          ^~~~~~~~~~
compilation terminated.
configure:2569: result: no
configure:2576: checking whether x86_64-unknown-redox-gcc understands -c and -o together
configure:2591: x86_64-unknown-redox-gcc -g -O2  -c conftest.c -o conftest2.o >&5
configure:2594: $? = 0
configure:2596: x86_64-unknown-redox-gcc -g -O2  -c conftest.c -o conftest2.o >&5
configure:2599: $? = 0
configure:2610: result: yes
configure:2666: checking if you want to ensure bool is consistent with C++
configure:2676: result: yes
configure:2694: checking for x86_64-unknown-redox-g++
configure:2717: result: x86_64-unknown-redox-g++
configure:2771: checking for C++ compiler version
configure:2774: x86_64-unknown-redox-g++ --version </dev/null >&5
x86_64-unknown-redox-g++ (GCC) 8.2.0
Copyright (C) 2018 Free Software Foundation, Inc.
This is free software; see the source for copying conditions.  There is NO
warranty; not even for MERCHANTABILITY or FITNESS FOR A PARTICULAR PURPOSE.

configure:2777: $? = 0
configure:2779: x86_64-unknown-redox-g++ -v </dev/null >&5
Using built-in specs.
COLLECT_GCC=x86_64-unknown-redox-g++
COLLECT_LTO_WRAPPER=/home/luis/redox/redox/prefix/x86_64-unknown-redox/relibc-install/bin/../libexec/gcc/x86_64-unknown-redox/8.2.0/lto-wrapper
Target: x86_64-unknown-redox
Configured with: /home/redox/redox/prefix/x86_64-unknown-redox/gcc/configure --target=x86_64-unknown-redox --program-prefix=x86_64-unknown-redox- --prefix= --with-sysroot --with-build-sysroot=/home/redox/redox/prefix/x86_64-unknown-redox/relibc-freestanding-install/x86_64-unknown-redox --with-native-system-header-dir=/include --disable-multilib --disable-nls --disable-werror --enable-languages=c,c++ --enable-shared --enable-threads=posix
Thread model: posix
gcc version 8.2.0 (GCC) 
configure:2782: $? = 0
configure:2784: x86_64-unknown-redox-g++ -V </dev/null >&5
x86_64-unknown-redox-g++: error: unrecognized command line option '-V'
x86_64-unknown-redox-g++: fatal error: no input files
compilation terminated.
configure:2787: $? = 1
configure:2790: checking whether we are using the GNU C++ compiler
configure:2811: x86_64-unknown-redox-g++ -c   conftest.cc >&5
configure:2814: $? = 0
configure:2817: test -s conftest.o
configure:2820: $? = 0
configure:2832: result: yes
configure:2838: checking whether x86_64-unknown-redox-g++ accepts -g
configure:2856: x86_64-unknown-redox-g++ -c -g  conftest.cc >&5
configure:2859: $? = 0
configure:2862: test -s conftest.o
configure:2865: $? = 0
configure:2875: result: yes
configure:2915: x86_64-unknown-redox-g++ -c -g -O2  conftest.cc >&5
configure:2918: $? = 0
configure:2921: test -s conftest.o
configure:2924: $? = 0
configure:2946: x86_64-unknown-redox-g++ -c -g -O2  conftest.cc >&5
configure: In function 'int main()':
configure:2939:1: error: 'exit' was not declared in this scope
 {
 ^   
configure:2949: $? = 1
configure: failed program was:
#line 2934 "configure"
#include "confdefs.h"

int
main (void)
{
exit (42);
  ;
  return 0;
}
configure:2915: x86_64-unknown-redox-g++ -c -g -O2  conftest.cc >&5
configure:2918: $? = 0
configure:2921: test -s conftest.o
configure:2924: $? = 0
configure:2946: x86_64-unknown-redox-g++ -c -g -O2  conftest.cc >&5
configure:2949: $? = 0
configure:2952: test -s conftest.o
configure:2955: $? = 0
configure:2989: checking if x86_64-unknown-redox-g++ works
configure:3014: x86_64-unknown-redox-g++ -c -g -O2  -I/include conftest.cc >&5
configure:3017: $? = 0
configure:3020: test -s conftest.o
configure:3023: $? = 0
configure:3034: result: yes
configure:3101: checking version of x86_64-unknown-redox-g++
configure:3109: result: 8.2.0
configure:3122: checking if you want to build C++ binding and demo
configure:3132: result: no
configure:3135: checking if you want to build with Ada95
configure:3137: result: no
configure:3140: checking if you want to install terminal database
configure:3150: result: no
configure:3153: checking if you want to install manpages
configure:3163: result: yes
configure:3166: checking if you want to build programs such as tic
configure:3176: result: yes
configure:3204: checking if you want to build test-programs
configure:3214: result: no
configure:3217: checking if you wish to install curses.h
configure:3227: result: yes
configure:3252: checking for mawk
configure:3267: found /usr/bin/mawk
configure:3275: result: mawk
configure:3289: checking for egrep
configure:3299: result: grep -E
configure:3319: checking for a BSD compatible install
configure:3368: result: /usr/bin/install -c
configure:3393: checking for lint
configure:3419: result: no
configure:3393: checking for cppcheck
configure:3419: result: no
configure:3393: checking for splint
configure:3419: result: no
configure:3426: checking whether ln -s works
configure:3430: result: yes
configure:3437: checking if ln -s -f options work
configure:3449: result: yes
configure:3454: checking for long file names
configure:3493: result: yes
configure:3522: checking if you want to use pkg-config
configure:3532: result: yes
configure:3544: checking for x86_64-unknown-redox-pkg-config
configure:3561: found /home/luis/redox/redox/cookbook/bin/x86_64-unknown-redox-pkg-config
configure:3572: result: /home/luis/redox/redox/cookbook/bin/x86_64-unknown-redox-pkg-config
configure:3676: checking for /home/luis/redox/redox/cookbook/bin/x86_64-unknown-redox-pkg-config library directory
configure:3731: testing list... ...
configure:3737: testing checking /home/luis/redox/redox/cookbook/lib/*64-linux-gnu/pkgconfig ...
configure:3737: testing checking /home/luis/redox/redox/cookbook/share/pkgconfig ...
configure:3737: testing checking /home/luis/redox/redox/cookbook/lib64/pkgconfig ...
configure:3737: testing checking /home/luis/redox/redox/cookbook/lib32/pkgconfig ...
configure:3737: testing checking /home/luis/redox/redox/cookbook/lib/pkgconfig ...
configure:3753: result: yes
configure:3759: checking if we should install .pc files for /home/luis/redox/redox/cookbook/bin/x86_64-unknown-redox-pkg-config
configure:3773: result: no
configure:3846: checking if we should assume mixed-case filenames
configure:3856: result: auto
configure:3860: checking if filesystem supports mixed-case filenames
configure:3887: result: yes
configure:3906: checking whether make sets ${MAKE}
configure:3926: result: yes
configure:3939: checking for exctags
configure:3965: result: no
configure:3939: checking for ctags
configure:3965: result: no
configure:3976: checking for exetags
configure:4002: result: no
configure:3976: checking for etags
configure:4002: result: no
configure:4011: checking for ctags
configure:4035: result: no
configure:4045: checking for etags
configure:4069: result: no
configure:4092: checking for makeflags variable
configure:4126: result: -${MAKEFLAGS}
configure:4132: checking for x86_64-unknown-redox-ranlib
configure:4155: result: x86_64-unknown-redox-gcc-ranlib
configure:4206: checking for x86_64-unknown-redox-ld
configure:4229: result: x86_64-unknown-redox-ld
configure:4280: checking for x86_64-unknown-redox-ar
configure:4303: result: x86_64-unknown-redox-gcc-ar
configure:4354: checking for x86_64-unknown-redox-nm
configure:4377: result: x86_64-unknown-redox-gcc-nm
configure:4428: checking for x86_64-unknown-redox-ar
configure:4451: result: x86_64-unknown-redox-gcc-ar
configure:4499: checking for options to update archives
configure:4525: x86_64-unknown-redox-gcc -c -g -O2  conftest.c >&5
configure:4528: $? = 0
x86_64-unknown-redox-gcc-ar  -curvU conftest.a conftest.o
configure:4547: result: -curvU
configure:4558: checking if you have specified an install-prefix
configure:4571: result: 
configure:4599: checking for gcc
configure:4614: found /usr/bin/gcc
configure:4622: result: gcc
configure:4634: checking for native build C compiler
configure:4636: result: gcc
configure:4639: checking for native build C preprocessor
configure:4649: result: ${BUILD_CC} -E
configure:4652: checking for native build C flags
configure:4660: result: 
configure:4663: checking for native build C preprocessor-flags
configure:4671: result: 
configure:4674: checking for native build linker-flags
configure:4682: result: 
configure:4685: checking for native build linker-libraries
configure:4693: result: 
configure:4728: checking if libtool -version-number should be used
configure:4745: result: yes
configure:4794: checking if you want to build libraries with libtool
configure:4804: result: no
configure:5102: checking if you want to build shared libraries
configure:5112: result: no
configure:5116: checking if you want to build static libraries
configure:5126: result: yes
configure:5130: checking if you want to build debug libraries
configure:5140: result: yes
configure:5144: checking if you want to build profiling libraries
configure:5154: result: no
configure:5179: checking for specified models
configure:5183: result:  normal debug
configure:5188: checking for default model
configure:5191: result: normal
configure:5205: checking if you want to have a library-prefix
configure:5215: result: auto
configure:5243: checking for PATH separator
configure:5250: result: :
configure:5255: checking if you want to build a separate terminfo library
configure:5265: result: no
configure:5268: checking if you want to build a separate tic library
configure:5278: result: no
configure:5284: checking if you want to link with the GPM mouse library
configure:5294: result: maybe
configure:5298: checking for gpm.h
configure:5308: x86_64-unknown-redox-gcc -E  conftest.c
configure:5305:10: fatal error: gpm.h: No such file or directory
 #include "confdefs.h"
          ^~~~~~~
compilation terminated.
configure:5314: $? = 1
configure: failed program was:
#line 5304 "configure"
#include "confdefs.h"
#include <gpm.h>
configure:5333: result: no
configure:5916: checking for default loader flags
configure:5925: result: 
configure:5963: checking for an rpath option
configure:5994: result: 
configure:6072: checking if release/abi version should be used for shared libs
configure:6098: result: auto
configure:6121: checking which x86_64-unknown-redox-gcc option to use
configure:6140: x86_64-unknown-redox-gcc -c -g -O2 -fPIC  conftest.c >&5
configure:6143: $? = 0
configure:6146: test -s conftest.o
configure:6149: $? = 0
configure:6158: result: -fPIC
configure:6601: testing CC_SHARED_OPTS: unknown ...
configure:6605: testing MK_SHARED_LIB:  echo unknown ...
configure:6841: checking if you want to disable library suffixes
configure:6858: result: no
configure:7122: checking if you wish to append extra suffix to header/library paths
configure:7141: result: 
configure:7145: checking if you wish to install ncurses overwriting curses
configure:7155: result: no
configure:7158: checking if external terminfo-database is used
configure:7168: result: yes
configure:7184: checking which terminfo source-file will be installed
configure:7192: result: ${top_srcdir}/misc/terminfo.src
configure:7195: checking whether to use hashed database instead of directory/tree
configure:7205: result: no
configure:7211: checking for list of fallback descriptions
configure:7221: result: 
configure:7225: checking if you want modern xterm or antique
configure:7239: result: xterm-new
configure:7243: checking if xterm backspace sends BS or DEL
configure:7264: result: BS
configure:7274: checking for list of terminfo directories
configure:7337: result: /share/terminfo
configure:7344: checking for default terminfo directory
configure:7389: result: /share/terminfo
configure:7400: checking if big-core option selected
configure:7446: result: no
configure:7456: checking if big-strings option selected
configure:7480: result: yes
configure:7487: checking if you want termcap-fallback support
configure:7497: result: no
configure:7631: checking if ~/.terminfo is wanted
configure:7641: result: yes
configure:7648: checking if you want to use restricted environment when running as root
configure:7658: result: yes
configure:7673: checking for unistd.h
configure:7683: x86_64-unknown-redox-gcc -E  conftest.c
configure:7689: $? = 0
configure:7708: result: yes
configure:7723: checking for remove
configure:7760: x86_64-unknown-redox-gcc -o conftest -g -O2   conftest.c  >&5
configure:7763: $? = 0
configure:7766: test -s conftest
configure:7769: $? = 0
configure:7779: result: yes
configure:7723: checking for unlink
configure:7760: x86_64-unknown-redox-gcc -o conftest -g -O2   conftest.c  >&5
configure:7763: $? = 0
configure:7766: test -s conftest
configure:7769: $? = 0
configure:7779: result: yes
configure:7796: checking for link
configure:7833: x86_64-unknown-redox-gcc -o conftest -g -O2   conftest.c  >&5
configure:7836: $? = 0
configure:7839: test -s conftest
configure:7842: $? = 0
configure:7852: result: yes
configure:7796: checking for symlink
configure:7833: x86_64-unknown-redox-gcc -o conftest -g -O2   conftest.c  >&5
configure:7836: $? = 0
configure:7839: test -s conftest
configure:7842: $? = 0
configure:7852: result: yes
configure:7952: checking if tic should use symbolic links
configure:7962: result: no
configure:7969: checking if tic should use hard links
configure:7976: result: yes
configure:7991: checking if you want broken-linker support code
configure:8001: result: no
configure:8030: checking if tputs should process BSD-style prefix padding
configure:8040: result: no
configure:8525: checking if we should define _XOPEN_SOURCE
configure:8551: x86_64-unknown-redox-gcc -c -g -O2  conftest.c >&5
configure: In function 'main':
configure:8543:1: error: unknown type name 'make'
 #ifndef _XOPEN_SOURCE
 ^~~~
configure:8543:9: error: expected '=', ',', ';', 'asm' or '__attribute__' before 'error'
 #ifndef _XOPEN_SOURCE
         ^~~~~
configure:8554: $? = 1
configure: failed program was:
#line 8532 "configure"
#include "confdefs.h"

#include <stdlib.h>
#include <string.h>
#include <sys/types.h>

int
main (void)
{

#ifndef _XOPEN_SOURCE
make an error
#endif
  ;
  return 0;
}
configure:8588: x86_64-unknown-redox-gcc -c -g -O2  -D_XOPEN_SOURCE=500 conftest.c >&5
configure: In function 'main':
configure:8580:1: error: unknown type name 'make'
 #ifdef _XOPEN_SOURCE
 ^~~~
configure:8580:9: error: expected '=', ',', ';', 'asm' or '__attribute__' before 'error'
 #ifdef _XOPEN_SOURCE
         ^~~~~
configure:8591: $? = 1
configure: failed program was:
#line 8569 "configure"
#include "confdefs.h"

#include <stdlib.h>
#include <string.h>
#include <sys/types.h>

int
main (void)
{

#ifdef _XOPEN_SOURCE
make an error
#endif
  ;
  return 0;
}
configure:8612: result: 500
configure:8740: checking if we should define _POSIX_C_SOURCE
configure:8746: testing if the symbol is already defined go no further ...
configure:8764: x86_64-unknown-redox-gcc -c -g -O2 -D_XOPEN_SOURCE=500 conftest.c >&5
configure: In function 'main':
configure:8756:1: error: unknown type name 'make'
 #ifndef _POSIX_C_SOURCE
 ^~~~
configure:8756:9: error: expected '=', ',', ';', 'asm' or '__attribute__' before 'error'
 #ifndef _POSIX_C_SOURCE
         ^~~~~
configure:8767: $? = 1
configure: failed program was:
#line 8749 "configure"
#include "confdefs.h"
#include <sys/types.h>
int
main (void)
{

#ifndef _POSIX_C_SOURCE
make an error
#endif
  ;
  return 0;
}
configure:8829: testing ifdef from value 199506L ...
configure:8834: testing if the second compile does not leave our definition intact error ...
configure:8852: x86_64-unknown-redox-gcc -c -g -O2 -D_XOPEN_SOURCE=500 -D_POSIX_C_SOURCE=199506L conftest.c >&5
configure:8855: $? = 0
configure:8858: test -s conftest.o
configure:8861: $? = 0
configure:8877: result: -D_POSIX_C_SOURCE=199506L
configure:9389: checking if SIGWINCH is defined
configure:9411: x86_64-unknown-redox-gcc -c -g -O2 -D_XOPEN_SOURCE=500 -D_POSIX_C_SOURCE=199506L conftest.c >&5
configure:9399:10: fatal error: sys/signal.h: No such file or directory
 #include <sys/types.h>
          ^~~~~~~~~~~~~ 
compilation terminated.
configure:9414: $? = 1
configure: failed program was:
#line 9396 "configure"
#include "confdefs.h"

#include <sys/types.h>
#include <sys/signal.h>

int
main (void)
{
int x = SIGWINCH
  ;
  return 0;
}
configure:9445: x86_64-unknown-redox-gcc -c -g -O2 -D_XOPEN_SOURCE=500 -D_POSIX_C_SOURCE=199506L conftest.c >&5
configure:9433:10: fatal error: sys/signal.h: No such file or directory
 #include <sys/types.h>
          ^~~~~~~~~~~~~ 
compilation terminated.
configure:9448: $? = 1
configure: failed program was:
#line 9427 "configure"
#include "confdefs.h"

#undef _XOPEN_SOURCE
#undef _POSIX_SOURCE
#undef _POSIX_C_SOURCE
#include <sys/types.h>
#include <sys/signal.h>

int
main (void)
{
int x = SIGWINCH
  ;
  return 0;
}
configure:9468: result: no
configure:9538: checking for nl_langinfo and CODESET
configure:9556: x86_64-unknown-redox-gcc -o conftest -g -O2 -D_XOPEN_SOURCE=500 -D_POSIX_C_SOURCE=199506L  conftest.c  >&5
configure:9545:10: fatal error: langinfo.h: No such file or directory
 #include "confdefs.h"
          ^~~~~~~~~~~~
compilation terminated.
configure:9559: $? = 1
configure: failed program was:
#line 9544 "configure"
#include "confdefs.h"
#include <langinfo.h>
int
main (void)
{
char* cs = nl_langinfo(CODESET);
  ;
  return 0;
}
configure:9576: result: no
configure:9590: checking if you want wide-character code
configure:9600: result: no
configure:10899: checking whether to enable _LP64 definition in curses.h
configure:10909: result: yes
configure:10925: checking for special C compiler options needed for large files
configure:10999: result: no
configure:11005: checking for _FILE_OFFSET_BITS value needed for large files
configure:11033: x86_64-unknown-redox-gcc -c -g -O2 -D_XOPEN_SOURCE=500 -D_POSIX_C_SOURCE=199506L conftest.c >&5
configure:11036: $? = 0
configure:11039: test -s conftest.o
configure:11042: $? = 0
configure:11092: result: no
configure:11102: checking for _LARGE_FILES value needed for large files
configure:11130: x86_64-unknown-redox-gcc -c -g -O2 -D_XOPEN_SOURCE=500 -D_POSIX_C_SOURCE=199506L conftest.c >&5
configure:11133: $? = 0
configure:11136: test -s conftest.o
configure:11139: $? = 0
configure:11189: result: no
configure:11202: checking for _LARGEFILE_SOURCE value needed for large files
configure:11222: x86_64-unknown-redox-gcc -c -g -O2 -D_XOPEN_SOURCE=500 -D_POSIX_C_SOURCE=199506L conftest.c >&5
configure:11225: $? = 0
configure:11228: test -s conftest.o
configure:11231: $? = 0
configure:11273: result: no
configure:11287: checking for fseeko
configure:11305: x86_64-unknown-redox-gcc -o conftest -g -O2 -D_XOPEN_SOURCE=500 -D_POSIX_C_SOURCE=199506L  conftest.c  >&5
configure:11308: $? = 0
configure:11311: test -s conftest
configure:11314: $? = 0
configure:11324: result: yes
configure:11345: checking whether to use struct dirent64
configure:11374: x86_64-unknown-redox-gcc -c -g -O2 -D_XOPEN_SOURCE=500 -D_POSIX_C_SOURCE=199506L conftest.c >&5
configure: In function 'main':
configure:11363:28: error: conflicting types for 'readdir'
   /* if transitional largefile support is setup, this is true */
                            ^~~~~~~
In file included from configure:11356:
/home/luis/redox/redox/prefix/x86_64-unknown-redox/relibc-install/x86_64-unknown-redox/include/dirent.h:28:9: note: previous declaration of 'readdir' was here
 dirent *readdir(DIR *dir);
         ^~~~~~~
configure:11365:22: error: initialization of 'struct dirent *' from incompatible pointer type 'struct dirent64 *' [-Werror=incompatible-pointer-types]
   struct dirent64 *x = readdir((DIR *)0);
                      ^~~~~~~
configure:11366:13: error: invalid operands to binary - (have 'struct dirent64 *' and 'struct dirent *')
   struct dirent *y = readdir((DIR *)0);
             ^
cc1: some warnings being treated as errors
configure:11377: $? = 1
configure: failed program was:
#line 11352 "configure"
#include "confdefs.h"

#pragma GCC diagnostic error "-Wincompatible-pointer-types"
#include <sys/types.h>
#include <dirent.h>

int
main (void)
{

		/* if transitional largefile support is setup, this is true */
		extern struct dirent64 * readdir(DIR *);
		struct dirent64 *x = readdir((DIR *)0);
		struct dirent *y = readdir((DIR *)0);
		int z = x - y;

  ;
  return 0;
}
configure:11394: result: no
configure:11404: checking if you want tparm not to use X/Open fixed-parameter list
configure:11414: result: yes
configure:11438: checking if you want to suppress wattr* macros to help with ncurses5/ncurses6 transition
configure:11454: result: no
configure:11458: checking for X11 rgb file
configure:11530: result: /usr/share/X11/rgb.txt
configure:11544: checking for type of bool
configure:11554: result: auto
configure:11557: checking for alternate terminal capabilities file
configure:11568: result: Caps
configure:11572: checking for type of chtype
configure:11582: result: uint32_t
configure:11586: checking for type of ospeed
configure:11596: result: short
configure:11600: checking for type of mmask_t
configure:11610: result: uint32_t
configure:11614: checking for size CCHARW_MAX
configure:11624: result: 5
configure:11628: checking for type of tparm args
configure:11638: result: intptr_t
configure:11642: checking if RCS identifiers should be compiled-in
configure:11652: result: no
configure:11661: checking format of man-pages
configure:11750: result:  gzip
configure:11757: checking for manpage renaming
configure:11799: result: /home/luis/redox/redox/cookbook/recipes/ncurses/build/man/man_db.renames
configure:11802: checking if manpage aliases will be installed
configure:11813: result: yes
configure:11827: checking if manpage symlinks should be used
configure:11846: result: yes
configure:11850: checking for manpage tbl
configure:11861: result: no
configure:12194: checking if you want to build with function extensions
configure:12204: result: yes
configure:12264: checking if you want to build with SCREEN extensions
configure:12274: result: yes
configure:12293: checking if you want to build with terminal-driver
configure:12303: result: no
configure:12324: checking for extended use of const keyword
configure:12334: result: yes
configure:12342: checking if you want to use extended colors
configure:12352: result: yes
configure:12357: WARNING: This option applies only to wide-character library
configure:12395: checking if you want to use extended mouse encoding
configure:12405: result: yes
configure:12425: checking if you want to use extended putwin/screendump
configure:12435: result: yes
configure:12445: checking if you want $NCURSES_NO_PADDING code
configure:12455: result: yes
configure:12462: checking for ANSI C header files
configure:12476: x86_64-unknown-redox-gcc -E -D_XOPEN_SOURCE=500 -D_POSIX_C_SOURCE=199506L conftest.c
configure:12482: $? = 0
configure:12590: result: yes
configure:12606: checking for sys/types.h
configure:12618: x86_64-unknown-redox-gcc -c -g -O2 -D_XOPEN_SOURCE=500 -D_POSIX_C_SOURCE=199506L conftest.c >&5
configure:12621: $? = 0
configure:12624: test -s conftest.o
configure:12627: $? = 0
configure:12637: result: yes
configure:12606: checking for sys/stat.h
configure:12618: x86_64-unknown-redox-gcc -c -g -O2 -D_XOPEN_SOURCE=500 -D_POSIX_C_SOURCE=199506L conftest.c >&5
configure:12621: $? = 0
configure:12624: test -s conftest.o
configure:12627: $? = 0
configure:12637: result: yes
configure:12606: checking for stdlib.h
configure:12618: x86_64-unknown-redox-gcc -c -g -O2 -D_XOPEN_SOURCE=500 -D_POSIX_C_SOURCE=199506L conftest.c >&5
configure:12621: $? = 0
configure:12624: test -s conftest.o
configure:12627: $? = 0
configure:12637: result: yes
configure:12606: checking for string.h
configure:12618: x86_64-unknown-redox-gcc -c -g -O2 -D_XOPEN_SOURCE=500 -D_POSIX_C_SOURCE=199506L conftest.c >&5
configure:12621: $? = 0
configure:12624: test -s conftest.o
configure:12627: $? = 0
configure:12637: result: yes
configure:12606: checking for memory.h
configure:12618: x86_64-unknown-redox-gcc -c -g -O2 -D_XOPEN_SOURCE=500 -D_POSIX_C_SOURCE=199506L conftest.c >&5
configure:12621: $? = 0
configure:12624: test -s conftest.o
configure:12627: $? = 0
configure:12637: result: yes
configure:12606: checking for strings.h
configure:12618: x86_64-unknown-redox-gcc -c -g -O2 -D_XOPEN_SOURCE=500 -D_POSIX_C_SOURCE=199506L conftest.c >&5
configure:12621: $? = 0
configure:12624: test -s conftest.o
configure:12627: $? = 0
configure:12637: result: yes
configure:12606: checking for inttypes.h
configure:12618: x86_64-unknown-redox-gcc -c -g -O2 -D_XOPEN_SOURCE=500 -D_POSIX_C_SOURCE=199506L conftest.c >&5
configure:12621: $? = 0
configure:12624: test -s conftest.o
configure:12627: $? = 0
configure:12637: result: yes
configure:12606: checking for stdint.h
configure:12618: x86_64-unknown-redox-gcc -c -g -O2 -D_XOPEN_SOURCE=500 -D_POSIX_C_SOURCE=199506L conftest.c >&5
configure:12621: $? = 0
configure:12624: test -s conftest.o
configure:12627: $? = 0
configure:12637: result: yes
configure:12606: checking for unistd.h
configure:12637: result: yes
configure:12647: checking for signed char
configure:12668: x86_64-unknown-redox-gcc -c -g -O2 -D_XOPEN_SOURCE=500 -D_POSIX_C_SOURCE=199506L conftest.c >&5
configure:12671: $? = 0
configure:12674: test -s conftest.o
configure:12677: $? = 0
configure:12687: result: yes
configure:12690: checking size of signed char
configure:12711: x86_64-unknown-redox-gcc -c -g -O2 -D_XOPEN_SOURCE=500 -D_POSIX_C_SOURCE=199506L conftest.c >&5
configure:12714: $? = 0
configure:12717: test -s conftest.o
configure:12720: $? = 0
configure:12737: x86_64-unknown-redox-gcc -c -g -O2 -D_XOPEN_SOURCE=500 -D_POSIX_C_SOURCE=199506L conftest.c >&5
configure: In function 'main':
configure:12763:5: error: size of array '_array_' is negative
 #include "confdefs.h"
     ^~~~~~~
configure:12740: $? = 1
configure: failed program was:
#line 12725 "configure"
#include "confdefs.h"
#include <stdio.h>
#if HAVE_SYS_TYPES_H
# include <sys/types.h>
#endif
#if HAVE_SYS_STAT_H
# include <sys/stat.h>
#endif
#if STDC_HEADERS
# include <stdlib.h>
# include <stddef.h>
#else
# if HAVE_STDLIB_H
#  include <stdlib.h>
# endif
#endif
#if HAVE_STRING_H
# if !STDC_HEADERS && HAVE_MEMORY_H
#  include <memory.h>
# endif
# include <string.h>
#endif
#if HAVE_STRINGS_H
# include <strings.h>
#endif
#if HAVE_INTTYPES_H
# include <inttypes.h>
#else
# if HAVE_STDINT_H
#  include <stdint.h>
# endif
#endif
#if HAVE_UNISTD_H
# include <unistd.h>
#endif
int
main (void)
{
int _array_ [1 - 2 * !((sizeof (signed char)) <= 0)]
  ;
  return 0;
}
configure:12737: x86_64-unknown-redox-gcc -c -g -O2 -D_XOPEN_SOURCE=500 -D_POSIX_C_SOURCE=199506L conftest.c >&5
configure:12740: $? = 0
configure:12743: test -s conftest.o
configure:12746: $? = 0
configure:12878: result: 1
configure:12889: checking if you want to use signed Boolean array in term.h
configure:12899: result: no
configure:12904: checking if you want SIGWINCH handler
configure:12914: result: yes
configure:12922: checking if you want user-definable terminal capabilities like termcap
configure:12932: result: yes
configure:12939: checking if you want to link with the pthread library
configure:12949: result: no
configure:13274: checking if you want reentrant code
configure:13284: result: no
configure:13368: checking if you want opaque curses-library structures
configure:13390: result: no
configure:13399: checking if you want opaque form-library structures
configure:13409: result: no
configure:13412: checking if you want opaque menu-library structures
configure:13422: result: no
configure:13425: checking if you want opaque panel-library structures
configure:13435: result: no
configure:13468: checking if you want all development code
configure:13478: result: no
configure:13482: checking if you want hard-tabs code
configure:13492: result: no
configure:13500: checking if you want limited support for xmc
configure:13510: result: no
configure:13520: checking if you do not want to assume colors are white-on-black
configure:13530: result: yes
configure:13538: checking if you want hashmap scrolling-optimization code
configure:13548: result: yes
configure:13556: checking if you want colorfgbg code
configure:13566: result: no
configure:13574: checking if you want interop bindings
configure:13584: result: yes
configure:13590: checking if you want experimental safe-sprintf code
configure:13600: result: no
configure:13629: checking if you want wgetch-events code
configure:13639: result: no
configure:13650: checking if you want to see long compiling messages
configure:13684: result: yes
configure:13697: checking if you want to install stripped executables
configure:13714: result: yes
configure:13724: checking if install needs to be told about ownership
configure:13735: result: no
configure:13745: checking if you want to see compiler warnings
configure:13753: result: 
configure:14209: checking for x86_64-unknown-redox-gcc __attribute__ directives...
checking for x86_64-unknown-redox-gcc __attribute__((scanf))
configure:14261: x86_64-unknown-redox-gcc -c -g -O2 -D_XOPEN_SOURCE=500 -D_POSIX_C_SOURCE=199506L conftest.c >&5
configure:14264: $? = 0
checking for x86_64-unknown-redox-gcc __attribute__((printf))
configure:14261: x86_64-unknown-redox-gcc -c -g -O2 -D_XOPEN_SOURCE=500 -D_POSIX_C_SOURCE=199506L conftest.c >&5
configure:14264: $? = 0
checking for x86_64-unknown-redox-gcc __attribute__((unused))
configure:14261: x86_64-unknown-redox-gcc -c -g -O2 -D_XOPEN_SOURCE=500 -D_POSIX_C_SOURCE=199506L conftest.c >&5
configure:14264: $? = 0
checking for x86_64-unknown-redox-gcc __attribute__((noreturn))
configure:14261: x86_64-unknown-redox-gcc -c -g -O2 -D_XOPEN_SOURCE=500 -D_POSIX_C_SOURCE=199506L conftest.c >&5
configure:14264: $? = 0
configure:14325: checking if you want to work around bogus compiler/loader warnings
configure:14335: result: no
configure:14607: checking if you want to enable runtime assertions
configure:14617: result: no
configure:14633: checking if you want to use dmalloc for testing
configure:14650: result: no
configure:14865: checking if you want to use dbmalloc for testing
configure:14882: result: no
configure:15097: checking if you want to use valgrind for testing
configure:15114: result: no
configure:15227: checking if you want to perform memory-leak testing
configure:15237: result: no
configure:15289: checking whether to add trace feature to all models
configure:15299: result: no
configure:15413: checking if we want to use GNAT projects
configure:15430: result: yes
configure:15440: checking for gettimeofday
configure:15477: x86_64-unknown-redox-gcc -o conftest -g -O2 -D_XOPEN_SOURCE=500 -D_POSIX_C_SOURCE=199506L -DNDEBUG  conftest.c  >&5
configure:15480: $? = 0
configure:15483: test -s conftest
configure:15486: $? = 0
configure:15496: result: yes
configure:15583: checking if -lm needed for math functions
configure:15606: x86_64-unknown-redox-gcc -o conftest -g -O2 -D_XOPEN_SOURCE=500 -D_POSIX_C_SOURCE=199506L -DNDEBUG  conftest.c  >&5
configure:15609: $? = 0
configure:15612: test -s conftest
configure:15615: $? = 0
configure:15625: result: no
configure:15633: checking for ANSI C header files
configure:15761: result: yes
configure:15774: checking for dirent.h that defines DIR
configure:15795: x86_64-unknown-redox-gcc -c -g -O2 -D_XOPEN_SOURCE=500 -D_POSIX_C_SOURCE=199506L -DNDEBUG conftest.c >&5
configure:15798: $? = 0
configure:15801: test -s conftest.o
configure:15804: $? = 0
configure:15814: result: yes
configure:15827: checking for opendir in -ldir
configure:15854: x86_64-unknown-redox-gcc -o conftest -g -O2 -D_XOPEN_SOURCE=500 -D_POSIX_C_SOURCE=199506L -DNDEBUG  conftest.c -ldir   >&5
/home/luis/redox/redox/prefix/x86_64-unknown-redox/relibc-install/bin/../lib/gcc/x86_64-unknown-redox/8.2.0/../../../../x86_64-unknown-redox/bin/ld: cannot find -ldir
collect2: error: ld returned 1 exit status
configure:15857: $? = 1
configure: failed program was:
#line 15835 "configure"
#include "confdefs.h"

/* Override any gcc2 internal prototype to avoid an error.  */
#ifdef __cplusplus
extern "C"
#endif
/* We use char because int might match the return type of a gcc2
   builtin and then its argument prototype would still apply.  */
char opendir ();
int
main (void)
{
opendir ();
  ;
  return 0;
}
configure:15874: result: no
configure:15936: checking whether time.h and sys/time.h may both be included
configure:15958: x86_64-unknown-redox-gcc -c -g -O2 -D_XOPEN_SOURCE=500 -D_POSIX_C_SOURCE=199506L -DNDEBUG conftest.c >&5
configure:15961: $? = 0
configure:15964: test -s conftest.o
configure:15967: $? = 0
configure:15977: result: yes
configure:15996: checking for regcomp
configure:16033: x86_64-unknown-redox-gcc -o conftest -g -O2 -D_XOPEN_SOURCE=500 -D_POSIX_C_SOURCE=199506L -DNDEBUG  conftest.c  >&5
configure:16036: $? = 0
configure:16039: test -s conftest
configure:16042: $? = 0
configure:16052: result: yes
configure:16278: checking for regular-expression headers
configure:16349: x86_64-unknown-redox-gcc -o conftest -g -O2 -D_XOPEN_SOURCE=500 -D_POSIX_C_SOURCE=199506L -DNDEBUG  conftest.c  >&5
configure:16352: $? = 0
configure:16355: test -s conftest
configure:16358: $? = 0
configure:16374: result: regex.h
configure:16417: checking for fcntl.h
configure:16427: x86_64-unknown-redox-gcc -E -D_XOPEN_SOURCE=500 -D_POSIX_C_SOURCE=199506L -DNDEBUG conftest.c
configure:16433: $? = 0
configure:16452: result: yes
configure:16417: checking for getopt.h
configure:16427: x86_64-unknown-redox-gcc -E -D_XOPEN_SOURCE=500 -D_POSIX_C_SOURCE=199506L -DNDEBUG conftest.c
configure:16433: $? = 0
configure:16452: result: yes
configure:16417: checking for limits.h
configure:16427: x86_64-unknown-redox-gcc -E -D_XOPEN_SOURCE=500 -D_POSIX_C_SOURCE=199506L -DNDEBUG conftest.c
configure:16433: $? = 0
configure:16452: result: yes
configure:16417: checking for locale.h
configure:16427: x86_64-unknown-redox-gcc -E -D_XOPEN_SOURCE=500 -D_POSIX_C_SOURCE=199506L -DNDEBUG conftest.c
configure:16433: $? = 0
configure:16452: result: yes
configure:16417: checking for math.h
configure:16427: x86_64-unknown-redox-gcc -E -D_XOPEN_SOURCE=500 -D_POSIX_C_SOURCE=199506L -DNDEBUG conftest.c
configure:16433: $? = 0
configure:16452: result: yes
configure:16417: checking for poll.h
configure:16427: x86_64-unknown-redox-gcc -E -D_XOPEN_SOURCE=500 -D_POSIX_C_SOURCE=199506L -DNDEBUG conftest.c
configure:16433: $? = 0
configure:16452: result: yes
configure:16417: checking for sys/bsdtypes.h
configure:16427: x86_64-unknown-redox-gcc -E -D_XOPEN_SOURCE=500 -D_POSIX_C_SOURCE=199506L -DNDEBUG conftest.c
configure:16424:10: fatal error: sys/bsdtypes.h: No such file or directory
 #include "confdefs.h"
          ^~~~~~~~~~~~    
compilation terminated.
configure:16433: $? = 1
configure: failed program was:
#line 16423 "configure"
#include "confdefs.h"
#include <sys/bsdtypes.h>
configure:16452: result: no
configure:16417: checking for sys/ioctl.h
configure:16427: x86_64-unknown-redox-gcc -E -D_XOPEN_SOURCE=500 -D_POSIX_C_SOURCE=199506L -DNDEBUG conftest.c
configure:16433: $? = 0
configure:16452: result: yes
configure:16417: checking for sys/param.h
configure:16427: x86_64-unknown-redox-gcc -E -D_XOPEN_SOURCE=500 -D_POSIX_C_SOURCE=199506L -DNDEBUG conftest.c
configure:16433: $? = 0
configure:16452: result: yes
configure:16417: checking for sys/poll.h
configure:16427: x86_64-unknown-redox-gcc -E -D_XOPEN_SOURCE=500 -D_POSIX_C_SOURCE=199506L -DNDEBUG conftest.c
configure:16424:10: fatal error: sys/poll.h: No such file or directory
 #include "confdefs.h"
          ^~~~~~~~~~~~
compilation terminated.
configure:16433: $? = 1
configure: failed program was:
#line 16423 "configure"
#include "confdefs.h"
#include <sys/poll.h>
configure:16452: result: no
configure:16417: checking for sys/select.h
configure:16427: x86_64-unknown-redox-gcc -E -D_XOPEN_SOURCE=500 -D_POSIX_C_SOURCE=199506L -DNDEBUG conftest.c
configure:16433: $? = 0
configure:16452: result: yes
configure:16417: checking for sys/time.h
configure:16427: x86_64-unknown-redox-gcc -E -D_XOPEN_SOURCE=500 -D_POSIX_C_SOURCE=199506L -DNDEBUG conftest.c
configure:16433: $? = 0
configure:16452: result: yes
configure:16417: checking for sys/times.h
configure:16427: x86_64-unknown-redox-gcc -E -D_XOPEN_SOURCE=500 -D_POSIX_C_SOURCE=199506L -DNDEBUG conftest.c
configure:16433: $? = 0
configure:16452: result: yes
configure:16417: checking for ttyent.h
configure:16427: x86_64-unknown-redox-gcc -E -D_XOPEN_SOURCE=500 -D_POSIX_C_SOURCE=199506L -DNDEBUG conftest.c
configure:16424:10: fatal error: ttyent.h: No such file or directory
 #include "confdefs.h"
          ^~~~~~~~~~
compilation terminated.
configure:16433: $? = 1
configure: failed program was:
#line 16423 "configure"
#include "confdefs.h"
#include <ttyent.h>
configure:16452: result: no
configure:16417: checking for unistd.h
configure:16452: result: yes
configure:16417: checking for wctype.h
configure:16427: x86_64-unknown-redox-gcc -E -D_XOPEN_SOURCE=500 -D_POSIX_C_SOURCE=199506L -DNDEBUG conftest.c
configure:16433: $? = 0
configure:16452: result: yes
configure:16465: checking for unistd.h
configure:16500: result: yes
configure:16465: checking for getopt.h
configure:16500: result: yes
configure:16510: checking for header declaring getopt variables
configure:16533: x86_64-unknown-redox-gcc -c -g -O2 -D_XOPEN_SOURCE=500 -D_POSIX_C_SOURCE=199506L -DNDEBUG conftest.c >&5
configure: In function 'main':
configure:16526:9: error: 'optind' undeclared (first use in this function); did you mean 'rewind'?
 {
         ^     
         rewind
configure:16526:9: note: each undeclared identifier is reported only once for each function it appears in
configure:16526:27: error: 'optarg' undeclared (first use in this function); did you mean 'va_arg'?
 {
                           ^     
                           va_arg
configure:16536: $? = 1
configure: failed program was:
#line 16520 "configure"
#include "confdefs.h"

#include <stdio.h>
int
main (void)
{
int x = optind; char *y = optarg
  ;
  return 0;
}
configure:16533: x86_64-unknown-redox-gcc -c -g -O2 -D_XOPEN_SOURCE=500 -D_POSIX_C_SOURCE=199506L -DNDEBUG conftest.c >&5
configure: In function 'main':
configure:16526:9: error: 'optind' undeclared (first use in this function)
 {
         ^     
configure:16526:9: note: each undeclared identifier is reported only once for each function it appears in
configure:16526:27: error: 'optarg' undeclared (first use in this function)
 {
                           ^     
configure:16536: $? = 1
configure: failed program was:
#line 16520 "configure"
#include "confdefs.h"

#include <stdlib.h>
int
main (void)
{
int x = optind; char *y = optarg
  ;
  return 0;
}
configure:16533: x86_64-unknown-redox-gcc -c -g -O2 -D_XOPEN_SOURCE=500 -D_POSIX_C_SOURCE=199506L -DNDEBUG conftest.c >&5
configure:16536: $? = 0
configure:16539: test -s conftest.o
configure:16542: $? = 0
configure:16554: result: unistd.h
configure:16696: checking if sys/time.h works with sys/select.h
configure:16723: x86_64-unknown-redox-gcc -c -g -O2 -D_XOPEN_SOURCE=500 -D_POSIX_C_SOURCE=199506L -DNDEBUG conftest.c >&5
configure:16726: $? = 0
configure:16729: test -s conftest.o
configure:16732: $? = 0
configure:16744: result: yes
configure:16759: checking for an ANSI C-conforming const
configure:16823: x86_64-unknown-redox-gcc -c -g -O2 -D_XOPEN_SOURCE=500 -D_POSIX_C_SOURCE=199506L -DNDEBUG conftest.c >&5
configure:16826: $? = 0
configure:16829: test -s conftest.o
configure:16832: $? = 0
configure:16842: result: yes
configure:16852: checking for inline
configure:16869: x86_64-unknown-redox-gcc -c -g -O2 -D_XOPEN_SOURCE=500 -D_POSIX_C_SOURCE=199506L -DNDEBUG conftest.c >&5
configure:16872: $? = 0
configure:16875: test -s conftest.o
configure:16878: $? = 0
configure:16889: result: inline
configure:16915: checking if x86_64-unknown-redox-gcc supports options to tune inlining
configure:16936: x86_64-unknown-redox-gcc -c -g -O2 --param max-inline-insns-single=1200 -D_XOPEN_SOURCE=500 -D_POSIX_C_SOURCE=199506L -DNDEBUG conftest.c >&5
configure:16939: $? = 0
configure:16942: test -s conftest.o
configure:16945: $? = 0
configure:16957: result: yes
configure:17063: checking for signal global datatype
configure:17098: x86_64-unknown-redox-gcc -c -g -O2 --param max-inline-insns-single=1200 -D_XOPEN_SOURCE=500 -D_POSIX_C_SOURCE=199506L -DNDEBUG conftest.c >&5
configure:17101: $? = 0
configure:17104: test -s conftest.o
configure:17107: $? = 0
configure:17121: result: volatile sig_atomic_t
configure:17210: checking if unsigned literals are legal
configure:17229: x86_64-unknown-redox-gcc -c -g -O2 --param max-inline-insns-single=1200 -D_XOPEN_SOURCE=500 -D_POSIX_C_SOURCE=199506L -DNDEBUG conftest.c >&5
configure:17232: $? = 0
configure:17235: test -s conftest.o
configure:17238: $? = 0
configure:17250: result: yes
configure:17266: checking if external errno is declared
configure:17291: x86_64-unknown-redox-gcc -c -g -O2 --param max-inline-insns-single=1200 -D_XOPEN_SOURCE=500 -D_POSIX_C_SOURCE=199506L -DNDEBUG conftest.c >&5
configure:17294: $? = 0
configure:17297: test -s conftest.o
configure:17300: $? = 0
configure:17311: result: yes
configure:17326: checking if external errno exists
configure:17348: x86_64-unknown-redox-gcc -o conftest -g -O2 --param max-inline-insns-single=1200 -D_XOPEN_SOURCE=500 -D_POSIX_C_SOURCE=199506L -DNDEBUG  conftest.c  >&5
/home/luis/redox/redox/prefix/x86_64-unknown-redox/relibc-install/bin/../lib/gcc/x86_64-unknown-redox/8.2.0/../../../../x86_64-unknown-redox/bin/ld: errno: TLS definition in /home/luis/redox/redox/prefix/x86_64-unknown-redox/relibc-install/bin/../lib/gcc/x86_64-unknown-redox/8.2.0/../../../../x86_64-unknown-redox/lib/libc.so section .tbss mismatches non-TLS reference in /tmp/ccvZZJGa.o
/home/luis/redox/redox/prefix/x86_64-unknown-redox/relibc-install/bin/../lib/gcc/x86_64-unknown-redox/8.2.0/../../../../x86_64-unknown-redox/bin/ld: /home/luis/redox/redox/prefix/x86_64-unknown-redox/relibc-install/bin/../lib/gcc/x86_64-unknown-redox/8.2.0/../../../../x86_64-unknown-redox/lib/libc.so: error adding symbols: bad value
collect2: error: ld returned 1 exit status
configure:17351: $? = 1
configure: failed program was:
#line 17333 "configure"
#include "confdefs.h"

#undef errno
extern int errno;

int
main (void)
{
errno = 2
  ;
  return 0;
}
configure:17368: result: no
configure:17381: checking if data-only library module links
configure:17392: x86_64-unknown-redox-gcc -c -g -O2 --param max-inline-insns-single=1200 -D_XOPEN_SOURCE=500 -D_POSIX_C_SOURCE=199506L -DNDEBUG conftest.c >&5
configure:17395: $? = 0
configure:17415: x86_64-unknown-redox-gcc -c -g -O2 --param max-inline-insns-single=1200 -D_XOPEN_SOURCE=500 -D_POSIX_C_SOURCE=199506L -DNDEBUG conftest.c >&5
configure:17418: $? = 0
configure:17465: result: unknown
configure:17506: checking for getcwd
configure:17543: x86_64-unknown-redox-gcc -o conftest -g -O2 --param max-inline-insns-single=1200 -D_XOPEN_SOURCE=500 -D_POSIX_C_SOURCE=199506L -DNDEBUG  conftest.c  >&5
configure:17546: $? = 0
configure:17549: test -s conftest
configure:17552: $? = 0
configure:17562: result: yes
configure:17506: checking for getegid
configure:17543: x86_64-unknown-redox-gcc -o conftest -g -O2 --param max-inline-insns-single=1200 -D_XOPEN_SOURCE=500 -D_POSIX_C_SOURCE=199506L -DNDEBUG  conftest.c  >&5
configure:17546: $? = 0
configure:17549: test -s conftest
configure:17552: $? = 0
configure:17562: result: yes
configure:17506: checking for geteuid
configure:17543: x86_64-unknown-redox-gcc -o conftest -g -O2 --param max-inline-insns-single=1200 -D_XOPEN_SOURCE=500 -D_POSIX_C_SOURCE=199506L -DNDEBUG  conftest.c  >&5
configure:17546: $? = 0
configure:17549: test -s conftest
configure:17552: $? = 0
configure:17562: result: yes
configure:17506: checking for getopt
configure:17543: x86_64-unknown-redox-gcc -o conftest -g -O2 --param max-inline-insns-single=1200 -D_XOPEN_SOURCE=500 -D_POSIX_C_SOURCE=199506L -DNDEBUG  conftest.c  >&5
configure:17546: $? = 0
configure:17549: test -s conftest
configure:17552: $? = 0
configure:17562: result: yes
configure:17506: checking for getttynam
configure:17543: x86_64-unknown-redox-gcc -o conftest -g -O2 --param max-inline-insns-single=1200 -D_XOPEN_SOURCE=500 -D_POSIX_C_SOURCE=199506L -DNDEBUG  conftest.c  >&5
/home/luis/redox/redox/prefix/x86_64-unknown-redox/relibc-install/bin/../lib/gcc/x86_64-unknown-redox/8.2.0/../../../../x86_64-unknown-redox/bin/ld: /tmp/ccWAAcl0.o: in function `main':
/home/luis/redox/redox/cookbook/recipes/ncurses/build/configure:17534: undefined reference to `getttynam'
collect2: error: ld returned 1 exit status
configure:17546: $? = 1
configure: failed program was:
#line 17512 "configure"
#include "confdefs.h"
/* System header to define __stub macros and hopefully few prototypes,
    which can conflict with char getttynam (); below.  */
#include <assert.h>
/* Override any gcc2 internal prototype to avoid an error.  */
#ifdef __cplusplus
extern "C"
#endif
/* We use char because int might match the return type of a gcc2
   builtin and then its argument prototype would still apply.  */
char getttynam ();
char (*f) ();

int
main (void)
{
/* The GNU C library defines this for functions which it implements
    to always fail with ENOSYS.  Some functions are actually named
    something starting with __ and the normal name is an alias.  */
#if defined (__stub_getttynam) || defined (__stub___getttynam)
choke me
#else
f = getttynam; /* workaround for ICC 12.0.3 */ if (f == 0) return 1;
#endif

  ;
  return 0;
}
configure:17562: result: no
configure:17506: checking for issetugid
configure:17543: x86_64-unknown-redox-gcc -o conftest -g -O2 --param max-inline-insns-single=1200 -D_XOPEN_SOURCE=500 -D_POSIX_C_SOURCE=199506L -DNDEBUG  conftest.c  >&5
/home/luis/redox/redox/prefix/x86_64-unknown-redox/relibc-install/bin/../lib/gcc/x86_64-unknown-redox/8.2.0/../../../../x86_64-unknown-redox/bin/ld: /tmp/ccYcAfB3.o: in function `main':
/home/luis/redox/redox/cookbook/recipes/ncurses/build/configure:17534: undefined reference to `issetugid'
collect2: error: ld returned 1 exit status
configure:17546: $? = 1
configure: failed program was:
#line 17512 "configure"
#include "confdefs.h"
/* System header to define __stub macros and hopefully few prototypes,
    which can conflict with char issetugid (); below.  */
#include <assert.h>
/* Override any gcc2 internal prototype to avoid an error.  */
#ifdef __cplusplus
extern "C"
#endif
/* We use char because int might match the return type of a gcc2
   builtin and then its argument prototype would still apply.  */
char issetugid ();
char (*f) ();

int
main (void)
{
/* The GNU C library defines this for functions which it implements
    to always fail with ENOSYS.  Some functions are actually named
    something starting with __ and the normal name is an alias.  */
#if defined (__stub_issetugid) || defined (__stub___issetugid)
choke me
#else
f = issetugid; /* workaround for ICC 12.0.3 */ if (f == 0) return 1;
#endif

  ;
  return 0;
}
configure:17562: result: no
configure:17506: checking for poll
configure:17543: x86_64-unknown-redox-gcc -o conftest -g -O2 --param max-inline-insns-single=1200 -D_XOPEN_SOURCE=500 -D_POSIX_C_SOURCE=199506L -DNDEBUG  conftest.c  >&5
configure:17546: $? = 0
configure:17549: test -s conftest
configure:17552: $? = 0
configure:17562: result: yes
configure:17506: checking for putenv
configure:17543: x86_64-unknown-redox-gcc -o conftest -g -O2 --param max-inline-insns-single=1200 -D_XOPEN_SOURCE=500 -D_POSIX_C_SOURCE=199506L -DNDEBUG  conftest.c  >&5
configure:17546: $? = 0
configure:17549: test -s conftest
configure:17552: $? = 0
configure:17562: result: yes
configure:17506: checking for remove
configure:17562: result: yes
configure:17506: checking for select
configure:17543: x86_64-unknown-redox-gcc -o conftest -g -O2 --param max-inline-insns-single=1200 -D_XOPEN_SOURCE=500 -D_POSIX_C_SOURCE=199506L -DNDEBUG  conftest.c  >&5
configure:17546: $? = 0
configure:17549: test -s conftest
configure:17552: $? = 0
configure:17562: result: yes
configure:17506: checking for setbuf
configure:17543: x86_64-unknown-redox-gcc -o conftest -g -O2 --param max-inline-insns-single=1200 -D_XOPEN_SOURCE=500 -D_POSIX_C_SOURCE=199506L -DNDEBUG  conftest.c  >&5
configure:17546: $? = 0
configure:17549: test -s conftest
configure:17552: $? = 0
configure:17562: result: yes
configure:17506: checking for setbuffer
configure:17543: x86_64-unknown-redox-gcc -o conftest -g -O2 --param max-inline-insns-single=1200 -D_XOPEN_SOURCE=500 -D_POSIX_C_SOURCE=199506L -DNDEBUG  conftest.c  >&5
/home/luis/redox/redox/prefix/x86_64-unknown-redox/relibc-install/bin/../lib/gcc/x86_64-unknown-redox/8.2.0/../../../../x86_64-unknown-redox/bin/ld: /tmp/ccR6Kqfj.o: in function `main':
/home/luis/redox/redox/cookbook/recipes/ncurses/build/configure:17534: undefined reference to `setbuffer'
collect2: error: ld returned 1 exit status
configure:17546: $? = 1
configure: failed program was:
#line 17512 "configure"
#include "confdefs.h"
/* System header to define __stub macros and hopefully few prototypes,
    which can conflict with char setbuffer (); below.  */
#include <assert.h>
/* Override any gcc2 internal prototype to avoid an error.  */
#ifdef __cplusplus
extern "C"
#endif
/* We use char because int might match the return type of a gcc2
   builtin and then its argument prototype would still apply.  */
char setbuffer ();
char (*f) ();

int
main (void)
{
/* The GNU C library defines this for functions which it implements
    to always fail with ENOSYS.  Some functions are actually named
    something starting with __ and the normal name is an alias.  */
#if defined (__stub_setbuffer) || defined (__stub___setbuffer)
choke me
#else
f = setbuffer; /* workaround for ICC 12.0.3 */ if (f == 0) return 1;
#endif

  ;
  return 0;
}
configure:17562: result: no
configure:17506: checking for setenv
configure:17543: x86_64-unknown-redox-gcc -o conftest -g -O2 --param max-inline-insns-single=1200 -D_XOPEN_SOURCE=500 -D_POSIX_C_SOURCE=199506L -DNDEBUG  conftest.c  >&5
configure:17546: $? = 0
configure:17549: test -s conftest
configure:17552: $? = 0
configure:17562: result: yes
configure:17506: checking for setvbuf
configure:17543: x86_64-unknown-redox-gcc -o conftest -g -O2 --param max-inline-insns-single=1200 -D_XOPEN_SOURCE=500 -D_POSIX_C_SOURCE=199506L -DNDEBUG  conftest.c  >&5
configure:17546: $? = 0
configure:17549: test -s conftest
configure:17552: $? = 0
configure:17562: result: yes
configure:17506: checking for sigaction
configure:17543: x86_64-unknown-redox-gcc -o conftest -g -O2 --param max-inline-insns-single=1200 -D_XOPEN_SOURCE=500 -D_POSIX_C_SOURCE=199506L -DNDEBUG  conftest.c  >&5
configure:17546: $? = 0
configure:17549: test -s conftest
configure:17552: $? = 0
configure:17562: result: yes
configure:17506: checking for sigvec
configure:17543: x86_64-unknown-redox-gcc -o conftest -g -O2 --param max-inline-insns-single=1200 -D_XOPEN_SOURCE=500 -D_POSIX_C_SOURCE=199506L -DNDEBUG  conftest.c  >&5
/home/luis/redox/redox/prefix/x86_64-unknown-redox/relibc-install/bin/../lib/gcc/x86_64-unknown-redox/8.2.0/../../../../x86_64-unknown-redox/bin/ld: /tmp/cc98RufQ.o: in function `main':
/home/luis/redox/redox/cookbook/recipes/ncurses/build/configure:17534: undefined reference to `sigvec'
collect2: error: ld returned 1 exit status
configure:17546: $? = 1
configure: failed program was:
#line 17512 "configure"
#include "confdefs.h"
/* System header to define __stub macros and hopefully few prototypes,
    which can conflict with char sigvec (); below.  */
#include <assert.h>
/* Override any gcc2 internal prototype to avoid an error.  */
#ifdef __cplusplus
extern "C"
#endif
/* We use char because int might match the return type of a gcc2
   builtin and then its argument prototype would still apply.  */
char sigvec ();
char (*f) ();

int
main (void)
{
/* The GNU C library defines this for functions which it implements
    to always fail with ENOSYS.  Some functions are actually named
    something starting with __ and the normal name is an alias.  */
#if defined (__stub_sigvec) || defined (__stub___sigvec)
choke me
#else
f = sigvec; /* workaround for ICC 12.0.3 */ if (f == 0) return 1;
#endif

  ;
  return 0;
}
configure:17562: result: no
configure:17506: checking for strdup
configure:17543: x86_64-unknown-redox-gcc -o conftest -g -O2 --param max-inline-insns-single=1200 -D_XOPEN_SOURCE=500 -D_POSIX_C_SOURCE=199506L -DNDEBUG  conftest.c  >&5
configure:17522:6: warning: conflicting types for built-in function 'strdup' [-Wbuiltin-declaration-mismatch]
    builtin and then its argument prototype would still apply.  */
      ^~~~~~
configure:17546: $? = 0
configure:17549: test -s conftest
configure:17552: $? = 0
configure:17562: result: yes
configure:17506: checking for strstr
configure:17543: x86_64-unknown-redox-gcc -o conftest -g -O2 --param max-inline-insns-single=1200 -D_XOPEN_SOURCE=500 -D_POSIX_C_SOURCE=199506L -DNDEBUG  conftest.c  >&5
configure:17522:6: warning: conflicting types for built-in function 'strstr' [-Wbuiltin-declaration-mismatch]
    builtin and then its argument prototype would still apply.  */
      ^~~~~~
configure:17546: $? = 0
configure:17549: test -s conftest
configure:17552: $? = 0
configure:17562: result: yes
configure:17506: checking for tcgetpgrp
configure:17543: x86_64-unknown-redox-gcc -o conftest -g -O2 --param max-inline-insns-single=1200 -D_XOPEN_SOURCE=500 -D_POSIX_C_SOURCE=199506L -DNDEBUG  conftest.c  >&5
configure:17546: $? = 0
configure:17549: test -s conftest
configure:17552: $? = 0
configure:17562: result: yes
configure:17506: checking for tdestroy
configure:17543: x86_64-unknown-redox-gcc -o conftest -g -O2 --param max-inline-insns-single=1200 -D_XOPEN_SOURCE=500 -D_POSIX_C_SOURCE=199506L -DNDEBUG  conftest.c  >&5
/home/luis/redox/redox/prefix/x86_64-unknown-redox/relibc-install/bin/../lib/gcc/x86_64-unknown-redox/8.2.0/../../../../x86_64-unknown-redox/bin/ld: /tmp/cct7Bf5c.o: in function `main':
/home/luis/redox/redox/cookbook/recipes/ncurses/build/configure:17534: undefined reference to `tdestroy'
collect2: error: ld returned 1 exit status
configure:17546: $? = 1
configure: failed program was:
#line 17512 "configure"
#include "confdefs.h"
/* System header to define __stub macros and hopefully few prototypes,
    which can conflict with char tdestroy (); below.  */
#include <assert.h>
/* Override any gcc2 internal prototype to avoid an error.  */
#ifdef __cplusplus
extern "C"
#endif
/* We use char because int might match the return type of a gcc2
   builtin and then its argument prototype would still apply.  */
char tdestroy ();
char (*f) ();

int
main (void)
{
/* The GNU C library defines this for functions which it implements
    to always fail with ENOSYS.  Some functions are actually named
    something starting with __ and the normal name is an alias.  */
#if defined (__stub_tdestroy) || defined (__stub___tdestroy)
choke me
#else
f = tdestroy; /* workaround for ICC 12.0.3 */ if (f == 0) return 1;
#endif

  ;
  return 0;
}
configure:17562: result: no
configure:17506: checking for times
configure:17543: x86_64-unknown-redox-gcc -o conftest -g -O2 --param max-inline-insns-single=1200 -D_XOPEN_SOURCE=500 -D_POSIX_C_SOURCE=199506L -DNDEBUG  conftest.c  >&5
/home/luis/redox/redox/prefix/x86_64-unknown-redox/relibc-install/bin/../lib/gcc/x86_64-unknown-redox/8.2.0/../../../../x86_64-unknown-redox/bin/ld: /tmp/ccaAmxw4.o: in function `main':
/home/luis/redox/redox/cookbook/recipes/ncurses/build/configure:17534: undefined reference to `times'
collect2: error: ld returned 1 exit status
configure:17546: $? = 1
configure: failed program was:
#line 17512 "configure"
#include "confdefs.h"
/* System header to define __stub macros and hopefully few prototypes,
    which can conflict with char times (); below.  */
#include <assert.h>
/* Override any gcc2 internal prototype to avoid an error.  */
#ifdef __cplusplus
extern "C"
#endif
/* We use char because int might match the return type of a gcc2
   builtin and then its argument prototype would still apply.  */
char times ();
char (*f) ();

int
main (void)
{
/* The GNU C library defines this for functions which it implements
    to always fail with ENOSYS.  Some functions are actually named
    something starting with __ and the normal name is an alias.  */
#if defined (__stub_times) || defined (__stub___times)
choke me
#else
f = times; /* workaround for ICC 12.0.3 */ if (f == 0) return 1;
#endif

  ;
  return 0;
}
configure:17562: result: no
configure:17506: checking for tsearch
configure:17543: x86_64-unknown-redox-gcc -o conftest -g -O2 --param max-inline-insns-single=1200 -D_XOPEN_SOURCE=500 -D_POSIX_C_SOURCE=199506L -DNDEBUG  conftest.c  >&5
/home/luis/redox/redox/prefix/x86_64-unknown-redox/relibc-install/bin/../lib/gcc/x86_64-unknown-redox/8.2.0/../../../../x86_64-unknown-redox/bin/ld: /tmp/ccy4PqOT.o: in function `main':
/home/luis/redox/redox/cookbook/recipes/ncurses/build/configure:17534: undefined reference to `tsearch'
collect2: error: ld returned 1 exit status
configure:17546: $? = 1
configure: failed program was:
#line 17512 "configure"
#include "confdefs.h"
/* System header to define __stub macros and hopefully few prototypes,
    which can conflict with char tsearch (); below.  */
#include <assert.h>
/* Override any gcc2 internal prototype to avoid an error.  */
#ifdef __cplusplus
extern "C"
#endif
/* We use char because int might match the return type of a gcc2
   builtin and then its argument prototype would still apply.  */
char tsearch ();
char (*f) ();

int
main (void)
{
/* The GNU C library defines this for functions which it implements
    to always fail with ENOSYS.  Some functions are actually named
    something starting with __ and the normal name is an alias.  */
#if defined (__stub_tsearch) || defined (__stub___tsearch)
choke me
#else
f = tsearch; /* workaround for ICC 12.0.3 */ if (f == 0) return 1;
#endif

  ;
  return 0;
}
configure:17562: result: no
configure:17506: checking for vsnprintf
configure:17543: x86_64-unknown-redox-gcc -o conftest -g -O2 --param max-inline-insns-single=1200 -D_XOPEN_SOURCE=500 -D_POSIX_C_SOURCE=199506L -DNDEBUG  conftest.c  >&5
configure:17522:6: warning: conflicting types for built-in function 'vsnprintf' [-Wbuiltin-declaration-mismatch]
    builtin and then its argument prototype would still apply.  */
      ^~~~~~~~~
configure:17546: $? = 0
configure:17549: test -s conftest
configure:17552: $? = 0
configure:17562: result: yes
configure:17702: checking for isascii
configure:17721: x86_64-unknown-redox-gcc -o conftest -g -O2 --param max-inline-insns-single=1200 -D_XOPEN_SOURCE=500 -D_POSIX_C_SOURCE=199506L -DNDEBUG  conftest.c  >&5
configure:17724: $? = 0
configure:17727: test -s conftest
configure:17730: $? = 0
configure:17741: result: yes
configure:17749: checking whether sigaction needs _POSIX_SOURCE
configure:17766: x86_64-unknown-redox-gcc -c -g -O2 --param max-inline-insns-single=1200 -D_XOPEN_SOURCE=500 -D_POSIX_C_SOURCE=199506L -DNDEBUG conftest.c >&5
configure:17769: $? = 0
configure:17772: test -s conftest.o
configure:17775: $? = 0
configure:17823: result: no
configure:17827: checking if nanosleep really works
configure:17882: result: unknown
configure:17897: checking for termio.h
configure:17907: x86_64-unknown-redox-gcc -E -D_XOPEN_SOURCE=500 -D_POSIX_C_SOURCE=199506L -DNDEBUG conftest.c
configure:17904:10: fatal error: termio.h: No such file or directory
 #include "confdefs.h"
          ^~~~~~~~~~
compilation terminated.
configure:17913: $? = 1
configure: failed program was:
#line 17903 "configure"
#include "confdefs.h"
#include <termio.h>
configure:17932: result: no
configure:17897: checking for termios.h
configure:17907: x86_64-unknown-redox-gcc -E -D_XOPEN_SOURCE=500 -D_POSIX_C_SOURCE=199506L -DNDEBUG conftest.c
configure:17913: $? = 0
configure:17932: result: yes
configure:17897: checking for unistd.h
configure:17932: result: yes
configure:18000: checking whether termios.h needs _POSIX_SOURCE
configure:18015: x86_64-unknown-redox-gcc -c -g -O2 --param max-inline-insns-single=1200 -D_XOPEN_SOURCE=500 -D_POSIX_C_SOURCE=199506L -DNDEBUG conftest.c >&5
configure:18018: $? = 0
configure:18021: test -s conftest.o
configure:18024: $? = 0
configure:18071: result: no
configure:18076: checking for tcgetattr
configure:18111: x86_64-unknown-redox-gcc -o conftest -g -O2 --param max-inline-insns-single=1200 -D_XOPEN_SOURCE=500 -D_POSIX_C_SOURCE=199506L -DNDEBUG  conftest.c  >&5
configure:18114: $? = 0
configure:18117: test -s conftest
configure:18120: $? = 0
configure:18130: result: yes
configure:18137: checking for vsscanf function or workaround
configure:18160: x86_64-unknown-redox-gcc -o conftest -g -O2 --param max-inline-insns-single=1200 -D_XOPEN_SOURCE=500 -D_POSIX_C_SOURCE=199506L -DNDEBUG  conftest.c  >&5
configure:18163: $? = 0
configure:18166: test -s conftest
configure:18169: $? = 0
configure:18262: result: vsscanf
configure:18288: checking for unistd.h
configure:18323: result: yes
configure:18333: checking for working mkstemp
configure:18408: result: yes
configure:18488: WARNING: cross compiling: assume setvbuf params not reversed
configure:18551: checking for intptr_t
configure:18572: x86_64-unknown-redox-gcc -c -g -O2 --param max-inline-insns-single=1200 -D_XOPEN_SOURCE=500 -D_POSIX_C_SOURCE=199506L -DNDEBUG conftest.c >&5
configure:18575: $? = 0
configure:18578: test -s conftest.o
configure:18581: $? = 0
configure:18591: result: yes
configure:18603: checking for ssize_t
configure:18624: x86_64-unknown-redox-gcc -c -g -O2 --param max-inline-insns-single=1200 -D_XOPEN_SOURCE=500 -D_POSIX_C_SOURCE=199506L -DNDEBUG conftest.c >&5
configure:18627: $? = 0
configure:18630: test -s conftest.o
configure:18633: $? = 0
configure:18643: result: yes
configure:18655: checking for type sigaction_t
configure:18675: x86_64-unknown-redox-gcc -c -g -O2 --param max-inline-insns-single=1200 -D_XOPEN_SOURCE=500 -D_POSIX_C_SOURCE=199506L -DNDEBUG conftest.c >&5
configure: In function 'main':
configure:18668:1: error: unknown type name 'sigaction_t'; did you mean 'sigset_t'?
 {
 ^          
 sigset_t
configure:18678: $? = 1
configure: failed program was:
#line 18662 "configure"
#include "confdefs.h"

#include <signal.h>
int
main (void)
{
sigaction_t x
  ;
  return 0;
}
configure:18695: result: no
configure:18702: checking declaration of size-change
configure:18761: x86_64-unknown-redox-gcc -c -g -O2 --param max-inline-insns-single=1200 -D_XOPEN_SOURCE=500 -D_POSIX_C_SOURCE=199506L -DNDEBUG conftest.c >&5
configure:18764: $? = 0
configure:18767: test -s conftest.o
configure:18770: $? = 0
size-change succeeded ()
configure:18789: result: yes
configure:18807: checking for memmove
configure:18844: x86_64-unknown-redox-gcc -o conftest -g -O2 --param max-inline-insns-single=1200 -D_XOPEN_SOURCE=500 -D_POSIX_C_SOURCE=199506L -DNDEBUG  conftest.c  >&5
configure:18823:6: warning: conflicting types for built-in function 'memmove' [-Wbuiltin-declaration-mismatch]
    builtin and then its argument prototype would still apply.  */
      ^~~~~~~
configure:18847: $? = 0
configure:18850: test -s conftest
configure:18853: $? = 0
configure:18863: result: yes
configure:19067: checking if poll really works
configure:19149: result: unknown
configure:19156: checking for va_copy
configure:19180: x86_64-unknown-redox-gcc -o conftest -g -O2 --param max-inline-insns-single=1200 -D_XOPEN_SOURCE=500 -D_POSIX_C_SOURCE=199506L -DNDEBUG  conftest.c  >&5
configure:19183: $? = 0
configure:19186: test -s conftest
configure:19189: $? = 0
configure:19199: result: yes
configure:19207: checking for __va_copy
configure:19231: x86_64-unknown-redox-gcc -o conftest -g -O2 --param max-inline-insns-single=1200 -D_XOPEN_SOURCE=500 -D_POSIX_C_SOURCE=199506L -DNDEBUG  conftest.c  >&5
configure:19234: $? = 0
configure:19237: test -s conftest
configure:19240: $? = 0
configure:19250: result: yes
configure:19258: checking for pid_t
configure:19279: x86_64-unknown-redox-gcc -c -g -O2 --param max-inline-insns-single=1200 -D_XOPEN_SOURCE=500 -D_POSIX_C_SOURCE=199506L -DNDEBUG conftest.c >&5
configure:19282: $? = 0
configure:19285: test -s conftest.o
configure:19288: $? = 0
configure:19298: result: yes
configure:19313: checking for unistd.h
configure:19348: result: yes
configure:19313: checking for vfork.h
configure:19323: x86_64-unknown-redox-gcc -E -D_XOPEN_SOURCE=500 -D_POSIX_C_SOURCE=199506L -DNDEBUG conftest.c
configure:19320:10: fatal error: vfork.h: No such file or directory
 #include "confdefs.h"
          ^~~~~~~~~
compilation terminated.
configure:19329: $? = 1
configure: failed program was:
#line 19319 "configure"
#include "confdefs.h"
#include <vfork.h>
configure:19348: result: no
configure:19361: checking for fork
configure:19398: x86_64-unknown-redox-gcc -o conftest -g -O2 --param max-inline-insns-single=1200 -D_XOPEN_SOURCE=500 -D_POSIX_C_SOURCE=199506L -DNDEBUG  conftest.c  >&5
configure:19377:6: warning: conflicting types for built-in function 'fork' [-Wbuiltin-declaration-mismatch]
    builtin and then its argument prototype would still apply.  */
      ^~~~
configure:19401: $? = 0
configure:19404: test -s conftest
configure:19407: $? = 0
configure:19417: result: yes
configure:19361: checking for vfork
configure:19398: x86_64-unknown-redox-gcc -o conftest -g -O2 --param max-inline-insns-single=1200 -D_XOPEN_SOURCE=500 -D_POSIX_C_SOURCE=199506L -DNDEBUG  conftest.c  >&5
/home/luis/redox/redox/prefix/x86_64-unknown-redox/relibc-install/bin/../lib/gcc/x86_64-unknown-redox/8.2.0/../../../../x86_64-unknown-redox/bin/ld: /tmp/cc35mPfl.o: in function `main':
/home/luis/redox/redox/cookbook/recipes/ncurses/build/configure:19389: undefined reference to `vfork'
collect2: error: ld returned 1 exit status
configure:19401: $? = 1
configure: failed program was:
#line 19367 "configure"
#include "confdefs.h"
/* System header to define __stub macros and hopefully few prototypes,
    which can conflict with char vfork (); below.  */
#include <assert.h>
/* Override any gcc2 internal prototype to avoid an error.  */
#ifdef __cplusplus
extern "C"
#endif
/* We use char because int might match the return type of a gcc2
   builtin and then its argument prototype would still apply.  */
char vfork ();
char (*f) ();

int
main (void)
{
/* The GNU C library defines this for functions which it implements
    to always fail with ENOSYS.  Some functions are actually named
    something starting with __ and the normal name is an alias.  */
#if defined (__stub_vfork) || defined (__stub___vfork)
choke me
#else
f = vfork; /* workaround for ICC 12.0.3 */ if (f == 0) return 1;
#endif

  ;
  return 0;
}
configure:19417: result: no
configure:19429: checking for working fork
configure:19472: result: yes
configure:19650: checking for openpty in -lutil
configure:19677: x86_64-unknown-redox-gcc -o conftest -g -O2 --param max-inline-insns-single=1200 -D_XOPEN_SOURCE=500 -D_POSIX_C_SOURCE=199506L -DNDEBUG  conftest.c -lutil   >&5
/home/luis/redox/redox/prefix/x86_64-unknown-redox/relibc-install/bin/../lib/gcc/x86_64-unknown-redox/8.2.0/../../../../x86_64-unknown-redox/bin/ld: cannot find -lutil
collect2: error: ld returned 1 exit status
configure:19680: $? = 1
configure: failed program was:
#line 19658 "configure"
#include "confdefs.h"

/* Override any gcc2 internal prototype to avoid an error.  */
#ifdef __cplusplus
extern "C"
#endif
/* We use char because int might match the return type of a gcc2
   builtin and then its argument prototype would still apply.  */
char openpty ();
int
main (void)
{
openpty ();
  ;
  return 0;
}
configure:19697: result: no
configure:19705: checking for openpty header
configure:19749: x86_64-unknown-redox-gcc -o conftest -g -O2 --param max-inline-insns-single=1200 -D_XOPEN_SOURCE=500 -D_POSIX_C_SOURCE=199506L -DNDEBUG  conftest.c  >&5
configure:19734:10: fatal error: pty.h: No such file or directory
 
          ^      
compilation terminated.
configure:19752: $? = 1
configure: failed program was:
#line 19732 "configure"
#include "confdefs.h"

#include <pty.h>

int
main (void)
{

	int x = openpty((int *)0, (int *)0, (char *)0,
				   (struct termios *)0, (struct winsize *)0);

  ;
  return 0;
}
configure:19749: x86_64-unknown-redox-gcc -o conftest -g -O2 --param max-inline-insns-single=1200 -D_XOPEN_SOURCE=500 -D_POSIX_C_SOURCE=199506L -DNDEBUG  conftest.c  >&5
configure:19734:10: fatal error: libutil.h: No such file or directory
 
          ^          
compilation terminated.
configure:19752: $? = 1
configure: failed program was:
#line 19732 "configure"
#include "confdefs.h"

#include <libutil.h>

int
main (void)
{

	int x = openpty((int *)0, (int *)0, (char *)0,
				   (struct termios *)0, (struct winsize *)0);

  ;
  return 0;
}
configure:19749: x86_64-unknown-redox-gcc -o conftest -g -O2 --param max-inline-insns-single=1200 -D_XOPEN_SOURCE=500 -D_POSIX_C_SOURCE=199506L -DNDEBUG  conftest.c  >&5
configure:19734:10: fatal error: util.h: No such file or directory
 
          ^       
compilation terminated.
configure:19752: $? = 1
configure: failed program was:
#line 19732 "configure"
#include "confdefs.h"

#include <util.h>

int
main (void)
{

	int x = openpty((int *)0, (int *)0, (char *)0,
				   (struct termios *)0, (struct winsize *)0);

  ;
  return 0;
}
configure:19776: result: no
configure:20412: checking if we should include stdbool.h
configure:20432: x86_64-unknown-redox-gcc -c -O2 --param max-inline-insns-single=1200 -D_XOPEN_SOURCE=500 -D_POSIX_C_SOURCE=199506L -DNDEBUG conftest.c >&5
configure: In function 'main':
configure:20425:1: error: unknown type name 'bool'; did you mean '_Bool'?
 {
 ^   
 _Bool
configure:20425:12: error: 'false' undeclared (first use in this function)
 {
            ^    
configure:20425:12: note: each undeclared identifier is reported only once for each function it appears in
configure:20435: $? = 1
configure: failed program was:
#line 20420 "configure"
#include "confdefs.h"

int
main (void)
{
bool foo = false
  ;
  return 0;
}
configure:20464: x86_64-unknown-redox-gcc -c -O2 --param max-inline-insns-single=1200 -D_XOPEN_SOURCE=500 -D_POSIX_C_SOURCE=199506L -DNDEBUG conftest.c >&5
configure:20467: $? = 0
configure:20470: test -s conftest.o
configure:20473: $? = 0
configure:20487: result: yes
configure:20493: checking for builtin bool type
configure:20516: x86_64-unknown-redox-gcc -c -O2 --param max-inline-insns-single=1200 -D_XOPEN_SOURCE=500 -D_POSIX_C_SOURCE=199506L -DNDEBUG conftest.c >&5
configure: In function 'main':
configure:20509:1: error: unknown type name 'bool'; did you mean '_Bool'?
 {
 ^   
 _Bool
configure:20509:10: error: 'false' undeclared (first use in this function); did you mean 'fclose'?
 {
          ^    
          fclose
configure:20509:10: note: each undeclared identifier is reported only once for each function it appears in
configure:20519: $? = 1
configure: failed program was:
#line 20501 "configure"
#include "confdefs.h"

#include <stdio.h>
#include <sys/types.h>

int
main (void)
{
bool x = false
  ;
  return 0;
}
configure:20540: result: no
configure:20557: checking if we already have C++ library
configure:20574: x86_64-unknown-redox-g++ -o conftest -O2 -D_XOPEN_SOURCE=500 -D_POSIX_C_SOURCE=199506L -DNDEBUG  conftest.cc   >&5
configure:20577: $? = 0
configure:20580: test -s conftest
configure:20583: $? = 0
configure:20592: result: yes
configure:20694: checking whether x86_64-unknown-redox-g++ understands -c and -o together
configure:20709: x86_64-unknown-redox-g++ -O2 -D_XOPEN_SOURCE=500 -D_POSIX_C_SOURCE=199506L -DNDEBUG -c conftest.cc -o conftest2.o >&5
configure:20712: $? = 0
configure:20714: x86_64-unknown-redox-g++ -O2 -D_XOPEN_SOURCE=500 -D_POSIX_C_SOURCE=199506L -DNDEBUG -c conftest.cc -o conftest2.o >&5
configure:20717: $? = 0
configure:20728: result: yes
configure:20904: checking how to run the C++ preprocessor
configure:20926: x86_64-unknown-redox-g++ -E -D_XOPEN_SOURCE=500 -D_POSIX_C_SOURCE=199506L -DNDEBUG conftest.cc
configure:20932: $? = 0
configure:20959: x86_64-unknown-redox-g++ -E -D_XOPEN_SOURCE=500 -D_POSIX_C_SOURCE=199506L -DNDEBUG conftest.cc
configure:20956:10: fatal error: ac_nonexistent.h: No such file or directory
 #include "confdefs.h"
          ^~~~~~~~~~~~      
compilation terminated.
configure:20965: $? = 1
configure: failed program was:
#line 20955 "configure"
#include "confdefs.h"
#include <ac_nonexistent.h>
configure:21002: result: x86_64-unknown-redox-g++ -E
configure:21017: x86_64-unknown-redox-g++ -E -D_XOPEN_SOURCE=500 -D_POSIX_C_SOURCE=199506L -DNDEBUG conftest.cc
configure:21023: $? = 0
configure:21050: x86_64-unknown-redox-g++ -E -D_XOPEN_SOURCE=500 -D_POSIX_C_SOURCE=199506L -DNDEBUG conftest.cc
configure:21047:10: fatal error: ac_nonexistent.h: No such file or directory
 #include "confdefs.h"
          ^~~~~~~~~~~~      
compilation terminated.
configure:21056: $? = 1
configure: failed program was:
#line 21046 "configure"
#include "confdefs.h"
#include <ac_nonexistent.h>
configure:21099: checking for typeinfo
configure:21109: x86_64-unknown-redox-g++ -E -D_XOPEN_SOURCE=500 -D_POSIX_C_SOURCE=199506L -DNDEBUG conftest.cc
configure:21115: $? = 0
configure:21134: result: yes
configure:21147: checking for iostream
configure:21157: x86_64-unknown-redox-g++ -E -D_XOPEN_SOURCE=500 -D_POSIX_C_SOURCE=199506L -DNDEBUG conftest.cc
configure:21163: $? = 0
configure:21182: result: yes
configure:21193: checking if iostream uses std-namespace
configure:21213: x86_64-unknown-redox-g++ -c -O2 -D_XOPEN_SOURCE=500 -D_POSIX_C_SOURCE=199506L -DNDEBUG conftest.cc >&5
configure:21216: $? = 0
configure:21219: test -s conftest.o
configure:21222: $? = 0
configure:21231: result: yes
configure:21242: checking if we should include stdbool.h
configure:21317: result: yes
configure:21323: checking for builtin bool type
configure:21346: x86_64-unknown-redox-g++ -c -O2 -D_XOPEN_SOURCE=500 -D_POSIX_C_SOURCE=199506L -DNDEBUG conftest.cc >&5
configure:21349: $? = 0
configure:21352: test -s conftest.o
configure:21355: $? = 0
configure:21368: result: yes
configure:21374: checking for size of bool
configure:21453: result: unknown
configure:21459: WARNING: Assuming unsigned for type of bool
configure:21464: checking for special defines needed for etip.h
configure:21496: x86_64-unknown-redox-g++ -c -O2 -I./c++ -I./menu -Iinclude -I./include -D_XOPEN_SOURCE=500 -D_POSIX_C_SOURCE=199506L -DNDEBUG conftest.cc >&5
In file included from configure:21484:
./c++/etip.h.in: In function 'void THROW(const NCursesException*)':
./c++/etip.h.in:352:9: error: '::endwin' has not been declared
       ::endwin();
         ^~~~~~
./c++/etip.h.in:352:9: note: suggested alternative: 'stdin'
       ::endwin();
         ^~~~~~
         stdin
configure:21499: $? = 1
configure: failed program was:
#line 21482 "configure"
#include "confdefs.h"

#include <etip.h.in>

int
main (void)
{

  ;
  return 0;
}
configure:21496: x86_64-unknown-redox-g++ -c -O2 -I./c++ -I./menu -Iinclude -I./include -DETIP_NEEDS_MATH_EXCEPTION -D_XOPEN_SOURCE=500 -D_POSIX_C_SOURCE=199506L -DNDEBUG conftest.cc >&5
In file included from configure:21484:
./c++/etip.h.in: In function 'void THROW(const NCursesException*)':
./c++/etip.h.in:352:9: error: '::endwin' has not been declared
       ::endwin();
         ^~~~~~
./c++/etip.h.in:352:9: note: suggested alternative: 'stdin'
       ::endwin();
         ^~~~~~
         stdin
configure:21499: $? = 1
configure: failed program was:
#line 21482 "configure"
#include "confdefs.h"

#include <etip.h.in>

int
main (void)
{

  ;
  return 0;
}
configure:21496: x86_64-unknown-redox-g++ -c -O2 -I./c++ -I./menu -Iinclude -I./include -DETIP_NEEDS_MATH_H -D_XOPEN_SOURCE=500 -D_POSIX_C_SOURCE=199506L -DNDEBUG conftest.cc >&5
In file included from configure:21484:
./c++/etip.h.in: In function 'void THROW(const NCursesException*)':
./c++/etip.h.in:352:9: error: '::endwin' has not been declared
       ::endwin();
         ^~~~~~
./c++/etip.h.in:352:9: note: suggested alternative: 'stdin'
       ::endwin();
         ^~~~~~
         stdin
configure:21499: $? = 1
configure: failed program was:
#line 21482 "configure"
#include "confdefs.h"

#include <etip.h.in>

int
main (void)
{

  ;
  return 0;
}
configure:21496: x86_64-unknown-redox-g++ -c -O2 -I./c++ -I./menu -Iinclude -I./include -DETIP_NEEDS_MATH_H -DETIP_NEEDS_MATH_EXCEPTION -D_XOPEN_SOURCE=500 -D_POSIX_C_SOURCE=199506L -DNDEBUG conftest.cc >&5
In file included from configure:21484:
./c++/etip.h.in: In function 'void THROW(const NCursesException*)':
./c++/etip.h.in:352:9: error: '::endwin' has not been declared
       ::endwin();
         ^~~~~~
./c++/etip.h.in:352:9: note: suggested alternative: 'stdin'
       ::endwin();
         ^~~~~~
         stdin
configure:21499: $? = 1
configure: failed program was:
#line 21482 "configure"
#include "confdefs.h"

#include <etip.h.in>

int
main (void)
{

  ;
  return 0;
}
configure:21526: result: none
configure:21531: checking if x86_64-unknown-redox-g++ accepts parameter initialization
configure:21594: result: unknown
configure:21604: checking if x86_64-unknown-redox-g++ accepts static_cast
configure:21662: x86_64-unknown-redox-g++ -c -O2 -D_XOPEN_SOURCE=500 -D_POSIX_C_SOURCE=199506L -DNDEBUG conftest.cc >&5
configure:21665: $? = 0
configure:21668: test -s conftest.o
configure:21671: $? = 0
configure:21689: result: yes
configure:22677: checking for library subsets
configure:22719: result: ticlib+termlib+ext_tinfo+base+ext_funcs
configure:22750: checking default library suffix
configure:22761: result: 
configure:22764: checking default library-dependency suffix
configure:22822: result: .a
configure:22825: checking default object directory
configure:22841: result: objects
configure:22845: checking c++ library-dependency suffix
configure:22913: result: .a
configure:23089: checking if linker supports switching between static/dynamic
configure:23098: x86_64-unknown-redox-g++ -c -O2 -I. -I../include -D_XOPEN_SOURCE=500 -D_POSIX_C_SOURCE=199506L -DNDEBUG conftest.cc >&5
configure:23101: $? = 0
configure:23130: x86_64-unknown-redox-g++ -o conftest -O2 -I. -I../include -D_XOPEN_SOURCE=500 -D_POSIX_C_SOURCE=199506L -DNDEBUG  conftest.cc -static -L/home/luis/redox/redox/cookbook/recipes/ncurses/build -lconftest   >&5
configure:23133: $? = 0
configure:23136: test -s conftest
configure:23139: $? = 0
configure:23162: result: no
configure:23178: checking where we will install curses.h
configure:23188: result: ${prefix}/include/ncurses
configure:23214: checking for src modules
configure:23279: result: ncurses progs panel menu form
configure:23516: checking for tic
configure:23533: found /usr/bin/tic
configure:23545: result: /usr/bin/tic
configure:23603: checking for defines to add to ncurses6-config script
configure:23619: result:  -D_XOPEN_SOURCE=500 -D_POSIX_C_SOURCE=199506L
configure:23786: creating ./config.status

## ----------------------- ##
## Running config.status.  ##
## ----------------------- ##

This file was extended by config.status 2.52.20170501, executed with
  CONFIG_FILES    = 
  CONFIG_HEADERS  = 
  CONFIG_LINKS    = 
  CONFIG_COMMANDS = 
  > ./config.status 
on luis-ThinkPad-T460

config.status:24589: creating include/MKterm.h.awk
config.status:24589: creating include/curses.head
config.status:24589: creating include/ncurses_dll.h
config.status:24589: creating include/termcap.h
config.status:24589: creating include/unctrl.h
config.status:24589: creating man/Makefile
config.status:24589: creating include/Makefile
config.status:24589: creating ncurses/Makefile
config.status:24589: creating progs/Makefile
config.status:24589: creating panel/Makefile
config.status:24589: creating menu/Makefile
config.status:24589: creating form/Makefile
config.status:24589: creating misc/Makefile
config.status:24589: creating misc/run_tic.sh
config.status:24589: creating misc/ncurses-config
config.status:24589: creating man/ncurses6-config.1
config.status:24589: creating Makefile
config.status:24742: creating include/ncurses_cfg.h

## ----------------- ##
## Cache variables.  ##
## ----------------- ##

ac_cv_build='x86_64-pc-linux-gnu'
ac_cv_build_alias='x86_64-linux-gnu'
ac_cv_c_compiler_gnu='yes'
ac_cv_c_const='yes'
ac_cv_c_inline='inline'
ac_cv_cxx_compiler_gnu='yes'
ac_cv_env_CC_set='set'
ac_cv_env_CC_value='x86_64-unknown-redox-gcc'
ac_cv_env_CFLAGS_set=''
ac_cv_env_CFLAGS_value=''
ac_cv_env_CPPFLAGS_set=''
ac_cv_env_CPPFLAGS_value=''
ac_cv_env_CPP_set=''
ac_cv_env_CPP_value=''
ac_cv_env_CXXCPP_set=''
ac_cv_env_CXXCPP_value=''
ac_cv_env_CXXFLAGS_set=''
ac_cv_env_CXXFLAGS_value=''
ac_cv_env_CXX_set='set'
ac_cv_env_CXX_value='x86_64-unknown-redox-g++'
ac_cv_env_LDFLAGS_set=''
ac_cv_env_LDFLAGS_value=''
ac_cv_env_build_alias_set='set'
ac_cv_env_build_alias_value='x86_64-linux-gnu'
ac_cv_env_host_alias_set='set'
ac_cv_env_host_alias_value='x86_64-unknown-redox'
ac_cv_env_target_alias_set=''
ac_cv_env_target_alias_value=''
ac_cv_func_fork='yes'
ac_cv_func_fork_works='yes'
ac_cv_func_fseeko='yes'
ac_cv_func_getcwd='yes'
ac_cv_func_getegid='yes'
ac_cv_func_geteuid='yes'
ac_cv_func_getopt='yes'
ac_cv_func_gettimeofday='yes'
ac_cv_func_getttynam='no'
ac_cv_func_issetugid='no'
ac_cv_func_link='yes'
ac_cv_func_memmove='yes'
ac_cv_func_poll='yes'
ac_cv_func_putenv='yes'
ac_cv_func_regcomp='yes'
ac_cv_func_remove='yes'
ac_cv_func_select='yes'
ac_cv_func_setbuf='yes'
ac_cv_func_setbuffer='no'
ac_cv_func_setenv='yes'
ac_cv_func_setvbuf='yes'
ac_cv_func_sigaction='yes'
ac_cv_func_sigvec='no'
ac_cv_func_strdup='yes'
ac_cv_func_strstr='yes'
ac_cv_func_symlink='yes'
ac_cv_func_tcgetpgrp='yes'
ac_cv_func_tdestroy='no'
ac_cv_func_times='no'
ac_cv_func_tsearch='no'
ac_cv_func_unlink='yes'
ac_cv_func_vfork='no'
ac_cv_func_vfork_works='no'
ac_cv_func_vsnprintf='yes'
ac_cv_header_dirent_dirent_h='yes'
ac_cv_header_fcntl_h='yes'
ac_cv_header_getopt_h='yes'
ac_cv_header_gpm_h='no'
ac_cv_header_inttypes_h='yes'
ac_cv_header_iostream='yes'
ac_cv_header_limits_h='yes'
ac_cv_header_locale_h='yes'
ac_cv_header_math_h='yes'
ac_cv_header_memory_h='yes'
ac_cv_header_poll_h='yes'
ac_cv_header_stdc='yes'
ac_cv_header_stdint_h='yes'
ac_cv_header_stdlib_h='yes'
ac_cv_header_string_h='yes'
ac_cv_header_strings_h='yes'
ac_cv_header_sys_bsdtypes_h='no'
ac_cv_header_sys_ioctl_h='yes'
ac_cv_header_sys_param_h='yes'
ac_cv_header_sys_poll_h='no'
ac_cv_header_sys_select_h='yes'
ac_cv_header_sys_stat_h='yes'
ac_cv_header_sys_time_h='yes'
ac_cv_header_sys_times_h='yes'
ac_cv_header_sys_types_h='yes'
ac_cv_header_termio_h='no'
ac_cv_header_termios_h='yes'
ac_cv_header_time='yes'
ac_cv_header_ttyent_h='no'
ac_cv_header_typeinfo='yes'
ac_cv_header_unistd_h='yes'
ac_cv_header_vfork_h='no'
ac_cv_header_wctype_h='yes'
ac_cv_host='x86_64-unknown-redox'
ac_cv_host_alias='x86_64-unknown-redox'
ac_cv_lib_dir_opendir='no'
ac_cv_lib_util_openpty='no'
ac_cv_objext='o'
ac_cv_path_PKG_CONFIG='/home/luis/redox/redox/cookbook/bin/x86_64-unknown-redox-pkg-config'
ac_cv_path_TIC_PATH='/usr/bin/tic'
ac_cv_path_install='/usr/bin/install -c'
ac_cv_prog_AR='x86_64-unknown-redox-gcc-ar'
ac_cv_prog_AWK='mawk'
ac_cv_prog_BUILD_CC='gcc'
ac_cv_prog_CC='x86_64-unknown-redox-gcc'
ac_cv_prog_CPP='x86_64-unknown-redox-gcc -E'
ac_cv_prog_CXX='x86_64-unknown-redox-g++'
ac_cv_prog_CXXCPP='x86_64-unknown-redox-g++ -E'
ac_cv_prog_LD='x86_64-unknown-redox-ld'
ac_cv_prog_MAKE_LOWER_TAGS='no'
ac_cv_prog_MAKE_UPPER_TAGS='no'
ac_cv_prog_NM='x86_64-unknown-redox-gcc-nm'
ac_cv_prog_RANLIB='x86_64-unknown-redox-gcc-ranlib'
ac_cv_prog_cc_g='yes'
ac_cv_prog_cc_stdc=''
ac_cv_prog_cxx_g='yes'
ac_cv_prog_egrep='grep -E'
ac_cv_prog_gcc_traditional='no'
ac_cv_prog_make_make_set='yes'
ac_cv_sizeof_signed_char='1'
ac_cv_sys_file_offset_bits='no'
ac_cv_sys_large_files='no'
ac_cv_sys_largefile_CC='no'
ac_cv_sys_largefile_source='no'
ac_cv_sys_long_file_names='yes'
ac_cv_target='x86_64-unknown-redox'
ac_cv_target_alias='x86_64-unknown-redox'
ac_cv_type_intptr_t='yes'
ac_cv_type_pid_t='yes'
ac_cv_type_signed_char='yes'
ac_cv_type_ssize_t='yes'
am_cv_langinfo_codeset='no'
cf_cv_1UL='1U'
cf_cv_abi_version='6'
cf_cv_ar_flags='-curvU'
cf_cv_builtin_bool='1'
cf_cv_cc_bool_type='0'
cf_cv_cpp_param_init='unknown'
cf_cv_cpp_static_cast='yes'
cf_cv_dcl_errno='yes'
cf_cv_define_sigwinch='no'
cf_cv_do_symlinks='no'
cf_cv_enable_lp64='1'
cf_cv_enable_opaque='NCURSES_OPAQUE'
cf_cv_enable_reentrant='0'
cf_cv_func_mkstemp='yes'
cf_cv_func_nanosleep='unknown'
cf_cv_func_openpty='no'
cf_cv_func_vsscanf='vsscanf'
cf_cv_gcc_inline='yes'
cf_cv_getopt_header='unistd.h'
cf_cv_have___va_copy='yes'
cf_cv_have_errno='no'
cf_cv_have_isascii='yes'
cf_cv_have_tcgetattr='yes'
cf_cv_have_va_copy='yes'
cf_cv_header_stdbool_h='1'
cf_cv_lib_util='no'
cf_cv_link_dataonly='unknown'
cf_cv_makeflags='-${MAKEFLAGS}'
cf_cv_mixedcase='yes'
cf_cv_need_libm='no'
cf_cv_posix_c_source='-D_POSIX_C_SOURCE=199506L'
cf_cv_prog_CC_c_o='yes'
cf_cv_prog_CXX_c_o='yes'
cf_cv_regex_hdrs='regex.h'
cf_cv_rel_version='6.1'
cf_cv_rm_so_locs='no'
cf_cv_shlib_version='auto'
cf_cv_shlib_version_infix='no'
cf_cv_sig_atomic_t='volatile sig_atomic_t'
cf_cv_sizechange='yes'
cf_cv_src_modules='ncurses progs panel menu form'
cf_cv_struct_dirent64='no'
cf_cv_sys_time_select='yes'
cf_cv_system_name='redox'
cf_cv_timestamp='Tue Jun 14 21:59:08 CEST 2022'
cf_cv_type_of_bool='unsigned'
cf_cv_type_sigaction='no'
cf_cv_typeof_chtype='uint32_t'
cf_cv_typeof_mmask_t='uint32_t'
cf_cv_unsigned_literals='yes'
cf_cv_working_poll='unknown'
cf_cv_xopen_source='500'

## ------------ ##
## confdefs.h.  ##
## ------------ ##

#define PACKAGE "ncurses"
#define NCURSES_VERSION "6.0"
#define NCURSES_PATCHDATE 20180127
#define SYSTEM_NAME "redox"
#ifdef __cplusplus
#include <stdlib.h>
#endif
#define HAVE_LONG_FILE_NAMES 1
#define MIXEDCASE_FILENAMES 1
#define TERMINFO_DIRS "/share/terminfo"
#define TERMINFO "/share/terminfo"
#define PURE_TERMINFO 1
#define USE_HOME_TERMINFO 1
#define USE_ROOT_ENVIRON 1
#define HAVE_UNISTD_H 1
#define HAVE_REMOVE 1
#define HAVE_UNLINK 1
#define HAVE_LINK 1
#define HAVE_SYMLINK 1
#define USE_LINKS 1
#define HAVE_FSEEKO 1
#define RGB_PATH "/usr/share/X11/rgb.txt"
#define NCURSES_EXT_FUNCS 1
#define HAVE_ASSUME_DEFAULT_COLORS 1
#define HAVE_CURSES_VERSION 1
#define HAVE_HAS_KEY 1
#define HAVE_RESIZETERM 1
#define HAVE_RESIZE_TERM 1
#define HAVE_TERM_ENTRY_H 1
#define HAVE_USE_DEFAULT_COLORS 1
#define HAVE_USE_EXTENDED_NAMES 1
#define HAVE_USE_SCREEN 1
#define HAVE_USE_WINDOW 1
#define HAVE_WRESIZE 1
#define NCURSES_SP_FUNCS 1
#define HAVE_TPUTS_SP 1
#define NCURSES_EXT_PUTWIN 1
#define NCURSES_NO_PADDING 1
#define STDC_HEADERS 1
#define HAVE_SYS_TYPES_H 1
#define HAVE_SYS_STAT_H 1
#define HAVE_STDLIB_H 1
#define HAVE_STRING_H 1
#define HAVE_MEMORY_H 1
#define HAVE_STRINGS_H 1
#define HAVE_INTTYPES_H 1
#define HAVE_STDINT_H 1
#define HAVE_UNISTD_H 1
#define SIZEOF_SIGNED_CHAR 1
#define USE_SIGWINCH 1
#define NCURSES_WRAP_PREFIX "_nc_"
#define USE_ASSUMED_COLOR 1
#define USE_HASHMAP 1
#define GCC_SCANF 1
#define GCC_SCANF 1
#define GCC_SCANFLIKE(fmt,var) __attribute__((format(scanf,fmt,var)))
#define GCC_PRINTF 1
#define GCC_PRINTF 1
#define GCC_PRINTFLIKE(fmt,var) __attribute__((format(printf,fmt,var)))
#define GCC_UNUSED __attribute__((unused))
#define GCC_UNUSED __attribute__((unused))
#define GCC_NORETURN __attribute__((noreturn))
#define GCC_NORETURN __attribute__((noreturn))
#define HAVE_NC_ALLOC_H 1
#define HAVE_GETTIMEOFDAY 1
#define STDC_HEADERS 1
#define HAVE_DIRENT_H 1
#define TIME_WITH_SYS_TIME 1
#define HAVE_REGEX_H_FUNCS 1
#define HAVE_FCNTL_H 1
#define HAVE_GETOPT_H 1
#define HAVE_LIMITS_H 1
#define HAVE_LOCALE_H 1
#define HAVE_MATH_H 1
#define HAVE_POLL_H 1
#define HAVE_SYS_IOCTL_H 1
#define HAVE_SYS_PARAM_H 1
#define HAVE_SYS_SELECT_H 1
#define HAVE_SYS_TIME_H 1
#define HAVE_SYS_TIMES_H 1
#define HAVE_UNISTD_H 1
#define HAVE_WCTYPE_H 1
#define HAVE_UNISTD_H 1
#define HAVE_GETOPT_H 1
#define HAVE_GETOPT_HEADER 1
#define HAVE_SYS_TIME_SELECT 1
#define SIG_ATOMIC_T volatile sig_atomic_t
#define HAVE_GETCWD 1
#define HAVE_GETEGID 1
#define HAVE_GETEUID 1
#define HAVE_GETOPT 1
#define HAVE_POLL 1
#define HAVE_PUTENV 1
#define HAVE_REMOVE 1
#define HAVE_SELECT 1
#define HAVE_SETBUF 1
#define HAVE_SETENV 1
#define HAVE_SETVBUF 1
#define HAVE_SIGACTION 1
#define HAVE_STRDUP 1
#define HAVE_STRSTR 1
#define HAVE_TCGETPGRP 1
#define HAVE_VSNPRINTF 1
#define HAVE_ISASCII 1
#define HAVE_TERMIOS_H 1
#define HAVE_UNISTD_H 1
#define HAVE_TCGETATTR 1
#define HAVE_VSSCANF 1
#define HAVE_UNISTD_H 1
#define HAVE_MKSTEMP 1
#define HAVE_SIZECHANGE 1
#define HAVE_VA_COPY 1
#define HAVE___VA_COPY 1
#define HAVE_UNISTD_H 1
#define HAVE_FORK 1
#define vfork fork
#define HAVE_WORKING_FORK 1
#define HAVE_TYPEINFO 1
#define HAVE_IOSTREAM 1
#define IOSTREAM_NAMESPACE 1
#define CPP_HAS_STATIC_CAST 1
#define HAVE_SLK_COLOR 1
#define HAVE_PANEL_H 1
#define HAVE_LIBPANEL 1
#define HAVE_MENU_H 1
#define HAVE_LIBMENU 1
#define HAVE_FORM_H 1
#define HAVE_LIBFORM 1
#define NCURSES_PATHSEP ':'
#define NCURSES_VERSION_STRING "6.1.20180127"
#define NCURSES_OSPEED_COMPAT 1
#define HAVE_CURSES_DATA_BOOLNAMES 1


configure: exit 0
